------------------------------------------------
nprobe = 50 k = 5000
Recall = 70.0517%	Ratio = 0
Time = 15695.1 us 	 QPS = 63.7142 query/s
------------------------------------------------
nprobe = 100 k = 5000
Recall = 80.994%	Ratio = 0
Time = 18660.3 us 	 QPS = 53.5897 query/s
------------------------------------------------
nprobe = 150 k = 5000
Recall = 86.0031%	Ratio = 0
Time = 20628.7 us 	 QPS = 48.4761 query/s
------------------------------------------------
nprobe = 200 k = 5000
Recall = 90.7424%	Ratio = 0
Time = 24291.9 us 	 QPS = 41.166 query/s
------------------------------------------------
nprobe = 250 k = 5000
Recall = 92.6391%	Ratio = 0
Time = 26016.5 us 	 QPS = 38.4371 query/s
------------------------------------------------
nprobe = 300 k = 5000
Recall = 94.1718%	Ratio = 0
Time = 28398.8 us 	 QPS = 35.2128 query/s
------------------------------------------------
nprobe = 350 k = 5000
Recall = 95.1044%	Ratio = 0
Time = 30095 us 	 QPS = 33.2281 query/s
------------------------------------------------
nprobe = 400 k = 5000
Recall = 95.9308%	Ratio = 0
Time = 32199.9 us 	 QPS = 31.056 query/s
------------------------------------------------
nprobe = 450 k = 5000
Recall = 96.4518%	Ratio = 0
Time = 33801 us 	 QPS = 29.5849 query/s
------------------------------------------------
nprobe = 500 k = 5000
Recall = 96.979%	Ratio = 0
Time = 35956.1 us 	 QPS = 27.8117 query/s
------------------------------------------------
nprobe = 550 k = 5000
Recall = 97.3056%	Ratio = 0
Time = 37784.1 us 	 QPS = 26.4661 query/s
------------------------------------------------
nprobe = 600 k = 5000
Recall = 97.5699%	Ratio = 0
Time = 39553.4 us 	 QPS = 25.2823 query/s
------------------------------------------------
nprobe = 650 k = 5000
Recall = 97.7752%	Ratio = 0
Time = 41187 us 	 QPS = 24.2795 query/s
------------------------------------------------
nprobe = 700 k = 5000
Recall = 97.9573%	Ratio = 0
Time = 42607.3 us 	 QPS = 23.4702 query/s
------------------------------------------------
nprobe = 750 k = 5000
Recall = 98.098%	Ratio = 0
Time = 44207.8 us 	 QPS = 22.6205 query/s
------------------------------------------------
nprobe = 50 k = 5000
Recall = 70.0517%	Ratio = 0
Time = 15483.3 us 	 QPS = 64.5859 query/s
------------------------------------------------
nprobe = 100 k = 5000
Recall = 80.994%	Ratio = 0
Time = 18226.1 us 	 QPS = 54.8664 query/s
------------------------------------------------
nprobe = 150 k = 5000
Recall = 86.0031%	Ratio = 0
Time = 20230 us 	 QPS = 49.4314 query/s
------------------------------------------------
nprobe = 200 k = 5000
Recall = 90.7424%	Ratio = 0
Time = 23779.5 us 	 QPS = 42.053 query/s
------------------------------------------------
nprobe = 250 k = 5000
Recall = 92.6391%	Ratio = 0
Time = 25456.1 us 	 QPS = 39.2833 query/s
------------------------------------------------
nprobe = 300 k = 5000
Recall = 94.1718%	Ratio = 0
Time = 27773.2 us 	 QPS = 36.0059 query/s
------------------------------------------------
nprobe = 350 k = 5000
Recall = 95.1044%	Ratio = 0
Time = 29441.9 us 	 QPS = 33.9652 query/s
------------------------------------------------
nprobe = 400 k = 5000
Recall = 95.9308%	Ratio = 0
Time = 31406.9 us 	 QPS = 31.8402 query/s
------------------------------------------------
nprobe = 450 k = 5000
Recall = 96.4518%	Ratio = 0
Time = 33049.2 us 	 QPS = 30.2579 query/s
------------------------------------------------
nprobe = 500 k = 5000
Recall = 96.979%	Ratio = 0
Time = 34907.1 us 	 QPS = 28.6474 query/s
------------------------------------------------
nprobe = 550 k = 5000
Recall = 97.3056%	Ratio = 0
Time = 36559.4 us 	 QPS = 27.3527 query/s
------------------------------------------------
nprobe = 600 k = 5000
Recall = 97.5699%	Ratio = 0
Time = 38300.9 us 	 QPS = 26.1091 query/s
------------------------------------------------
nprobe = 650 k = 5000
Recall = 97.7752%	Ratio = 0
Time = 39956.6 us 	 QPS = 25.0272 query/s
------------------------------------------------
nprobe = 700 k = 5000
Recall = 97.9573%	Ratio = 0
Time = 41618.9 us 	 QPS = 24.0276 query/s
------------------------------------------------
nprobe = 750 k = 5000
Recall = 98.098%	Ratio = 0
Time = 43273.7 us 	 QPS = 23.1087 query/s
------------------------------------------------
nprobe = 100 k = 10000 num_cand = 80000
Recall = 74.7435%	Ratio = 0
Time = 23696.7 us 	 QPS = 42.1999 query/s
------------------------------------------------
nprobe = 200 k = 10000 num_cand = 80000
Recall = 87.1889%	Ratio = 0
Time = 32123.9 us 	 QPS = 31.1295 query/s
------------------------------------------------
nprobe = 300 k = 10000 num_cand = 80000
Recall = 91.7822%	Ratio = 0
Time = 37252 us 	 QPS = 26.8442 query/s
------------------------------------------------
nprobe = 400 k = 10000 num_cand = 80000
Recall = 94.2039%	Ratio = 0
Time = 41620.3 us 	 QPS = 24.0267 query/s
------------------------------------------------
nprobe = 500 k = 10000 num_cand = 80000
Recall = 95.7322%	Ratio = 0
Time = 45367.1 us 	 QPS = 22.0424 query/s
------------------------------------------------
nprobe = 600 k = 10000 num_cand = 80000
Recall = 96.6072%	Ratio = 0
Time = 49004.9 us 	 QPS = 20.4061 query/s
------------------------------------------------
nprobe = 700 k = 10000 num_cand = 80000
Recall = 97.1905%	Ratio = 0
Time = 52508.3 us 	 QPS = 19.0446 query/s
------------------------------------------------
nprobe = 800 k = 10000 num_cand = 80000
Recall = 97.5799%	Ratio = 0
Time = 55914.4 us 	 QPS = 17.8845 query/s
------------------------------------------------
nprobe = 900 k = 10000 num_cand = 80000
Recall = 97.8612%	Ratio = 0
Time = 59276.9 us 	 QPS = 16.87 query/s
------------------------------------------------
nprobe = 100 k = 20000 num_cand = 120000
Recall = 66.2473%	Ratio = 0
Time = 27962.1 us 	 QPS = 35.7627 query/s
------------------------------------------------
nprobe = 200 k = 20000 num_cand = 120000
Recall = 81.6143%	Ratio = 0
Time = 40325.5 us 	 QPS = 24.7982 query/s
------------------------------------------------
nprobe = 300 k = 20000 num_cand = 120000
Recall = 87.9042%	Ratio = 0
Time = 47530.5 us 	 QPS = 21.0391 query/s
------------------------------------------------
nprobe = 400 k = 20000 num_cand = 120000
Recall = 91.1718%	Ratio = 0
Time = 52506.4 us 	 QPS = 19.0453 query/s
------------------------------------------------
nprobe = 500 k = 20000 num_cand = 120000
Recall = 93.2354%	Ratio = 0
Time = 57080.7 us 	 QPS = 17.5191 query/s
------------------------------------------------
nprobe = 600 k = 20000 num_cand = 120000
Recall = 94.6198%	Ratio = 0
Time = 61318.6 us 	 QPS = 16.3083 query/s
------------------------------------------------
nprobe = 700 k = 20000 num_cand = 120000
Recall = 95.5762%	Ratio = 0
Time = 65241.8 us 	 QPS = 15.3276 query/s
------------------------------------------------
nprobe = 800 k = 20000 num_cand = 120000
Recall = 96.1689%	Ratio = 0
Time = 69057.8 us 	 QPS = 14.4806 query/s
------------------------------------------------
nprobe = 900 k = 20000 num_cand = 120000
Recall = 96.6329%	Ratio = 0
Time = 72713.2 us 	 QPS = 13.7527 query/s
------------------------------------------------
nprobe = 1000 k = 20000 num_cand = 120000
Recall = 96.9647%	Ratio = 0
Time = 76461.8 us 	 QPS = 13.0784 query/s
------------------------------------------------
nprobe = 1100 k = 20000 num_cand = 120000
Recall = 97.203%	Ratio = 0
Time = 80149.2 us 	 QPS = 12.4767 query/s
------------------------------------------------
nprobe = 200 k = 40000 num_cand = 240000
Recall = 74.0676%	Ratio = 0
Time = 55408.3 us 	 QPS = 18.0479 query/s
------------------------------------------------
nprobe = 400 k = 40000 num_cand = 240000
Recall = 87.4024%	Ratio = 0
Time = 78881.2 us 	 QPS = 12.6773 query/s
------------------------------------------------
nprobe = 600 k = 40000 num_cand = 240000
Recall = 92.4441%	Ratio = 0
Time = 92422.3 us 	 QPS = 10.8199 query/s
------------------------------------------------
nprobe = 800 k = 40000 num_cand = 240000
Recall = 95.0247%	Ratio = 0
Time = 102899 us 	 QPS = 9.71829 query/s
------------------------------------------------
nprobe = 1000 k = 40000 num_cand = 240000
Recall = 96.493%	Ratio = 0
Time = 112000 us 	 QPS = 8.92858 query/s
------------------------------------------------
nprobe = 1200 k = 40000 num_cand = 240000
Recall = 97.2512%	Ratio = 0
Time = 120396 us 	 QPS = 8.30592 query/s
------------------------------------------------
nprobe = 1400 k = 40000 num_cand = 240000
Recall = 97.7809%	Ratio = 0
Time = 128237 us 	 QPS = 7.79804 query/s
------------------------------------------------
nprobe = 1600 k = 40000 num_cand = 240000
Recall = 98.1106%	Ratio = 0
Time = 135792 us 	 QPS = 7.3642 query/s
------------------------------------------------
nprobe = 1800 k = 40000 num_cand = 240000
Recall = 98.3135%	Ratio = 0
Time = 143334 us 	 QPS = 6.97673 query/s
------------------------------------------------
nprobe = 2000 k = 40000 num_cand = 240000
Recall = 98.435%	Ratio = 0
Time = 149652 us 	 QPS = 6.68219 query/s
------------------------------------------------
nprobe = 2200 k = 40000 num_cand = 240000
Recall = 98.5373%	Ratio = 0
Time = 156806 us 	 QPS = 6.37732 query/s
------------------------------------------------
nprobe = 350 k = 5000 num_cand = 50000
Recall = 95.1044%	Ratio = 0
Time = 30080 us 	 QPS = 33.2447 query/s
------------------------------------------------
nprobe = 350 k = 5000 num_cand = 50000
Recall = 95.1044%	Ratio = 0
Time = 30663.2 us 	 QPS = 32.6124 query/s
------------------------------------------------
nprobe = 350 k = 5000 num_cand = 50000
Recall = 95.1044%	Ratio = 0
Time = 29698.8 us 	 QPS = 33.6714 query/s
------------------------------------------------
nprobe = 350 k = 5000 num_cand = 50000
Recall = 95.1044%	Ratio = 0
Time = 30704.4 us 	 QPS = 32.5686 query/s
------------------------------------------------
nprobe = 0 k = 5000 num_cand = 50000
Recall = 0%	Ratio = 0
Time = 700.921 us 	 QPS = 1426.69 query/s
------------------------------------------------
nprobe = 100 k = 5000 num_cand = 50000
Recall = 80.994%	Ratio = 0
Time = 18137.8 us 	 QPS = 55.1336 query/s
------------------------------------------------
nprobe = 200 k = 5000 num_cand = 50000
Recall = 90.7424%	Ratio = 0
Time = 23633.3 us 	 QPS = 42.3132 query/s
------------------------------------------------
nprobe = 300 k = 5000 num_cand = 50000
Recall = 94.1718%	Ratio = 0
Time = 27484.2 us 	 QPS = 36.3845 query/s
------------------------------------------------
nprobe = 400 k = 5000 num_cand = 50000
Recall = 95.9308%	Ratio = 0
Time = 30966.9 us 	 QPS = 32.2926 query/s
------------------------------------------------
nprobe = 500 k = 5000 num_cand = 50000
Recall = 96.979%	Ratio = 0
Time = 34515 us 	 QPS = 28.9729 query/s
------------------------------------------------
nprobe = 600 k = 5000 num_cand = 50000
Recall = 97.5699%	Ratio = 0
Time = 37367.1 us 	 QPS = 26.7615 query/s
------------------------------------------------
nprobe = 700 k = 5000 num_cand = 50000
Recall = 97.9573%	Ratio = 0
Time = 40436.3 us 	 QPS = 24.7303 query/s
------------------------------------------------
nprobe = 100 k = 5000 num_cand = 50000
Recall = 80.994%	Ratio = 0
Time = 18476.9 us 	 QPS = 54.1216 query/s
------------------------------------------------
nprobe = 200 k = 5000 num_cand = 50000
Recall = 90.7424%	Ratio = 0
Time = 23684.1 us 	 QPS = 42.2225 query/s
------------------------------------------------
nprobe = 300 k = 5000 num_cand = 50000
Recall = 94.1718%	Ratio = 0
Time = 27239.2 us 	 QPS = 36.7118 query/s
------------------------------------------------
nprobe = 400 k = 5000 num_cand = 50000
Recall = 95.9308%	Ratio = 0
Time = 30735.1 us 	 QPS = 32.5361 query/s
------------------------------------------------
nprobe = 100 k = 5000 num_cand = 50000
Recall = 81.1319%	Ratio = 0
Time = 21079.4 us 	 QPS = 47.4398 query/s
------------------------------------------------
nprobe = 200 k = 5000 num_cand = 50000
Recall = 90.9709%	Ratio = 0
Time = 27287.3 us 	 QPS = 36.6471 query/s
------------------------------------------------
nprobe = 300 k = 5000 num_cand = 50000
Recall = 94.3727%	Ratio = 0
Time = 30208.3 us 	 QPS = 33.1035 query/s
------------------------------------------------
nprobe = 400 k = 5000 num_cand = 50000
Recall = 96.1383%	Ratio = 0
Time = 33534.7 us 	 QPS = 29.8198 query/s
------------------------------------------------
nprobe = 500 k = 5000 num_cand = 50000
Recall = 97.1674%	Ratio = 0
Time = 36430.2 us 	 QPS = 27.4498 query/s
------------------------------------------------
nprobe = 400 k = 5000 num_cand = 50000
Recall = 95.9171%	Ratio = 0
Time = 32301.4 us 	 QPS = 30.9584 query/s
------------------------------------------------
nprobe = 100 k = 5000 num_cand = 50000
Recall = 80.5475%	Ratio = 0
Time = 22534.5 us 	 QPS = 44.3764 query/s
------------------------------------------------
nprobe = 200 k = 5000 num_cand = 50000
Recall = 90.6022%	Ratio = 0
Time = 25845.6 us 	 QPS = 38.6912 query/s
------------------------------------------------
nprobe = 300 k = 5000 num_cand = 50000
Recall = 94.1415%	Ratio = 0
Time = 28934.6 us 	 QPS = 34.5607 query/s
------------------------------------------------
nprobe = 400 k = 5000 num_cand = 50000
Recall = 95.9171%	Ratio = 0
Time = 31946.3 us 	 QPS = 31.3025 query/s
------------------------------------------------
nprobe = 500 k = 5000 num_cand = 50000
Recall = 96.9837%	Ratio = 0
Time = 35018.6 us 	 QPS = 28.5563 query/s
------------------------------------------------
nprobe = 150 k = 5000 num_cand = 50000
Recall = 85.3405%	Ratio = 0
Time = 24713.9 us 	 QPS = 40.4631 query/s
------------------------------------------------
nprobe = 100 k = 5000 num_cand = 50000
Recall = 80.5475%	Ratio = 0
Time = 22659.5 us 	 QPS = 44.1316 query/s
------------------------------------------------
nprobe = 100 k = 10000 num_cand = 50000
Recall = 73.0466%	Ratio = 0
Time = 22881.5 us 	 QPS = 43.7035 query/s
------------------------------------------------
nprobe = 200 k = 10000 num_cand = 80000
Recall = 86.6804%	Ratio = 0
Time = 37465 us 	 QPS = 26.6916 query/s
------------------------------------------------
nprobe = 300 k = 20000 num_cand = 120000
Recall = 87.0553%	Ratio = 0
Time = 56253.8 us 	 QPS = 17.7766 query/s
------------------------------------------------
nprobe = 300 k = 40000 num_cand = 240000
Recall = 81.2719%	Ratio = 0
Time = 96255.1 us 	 QPS = 10.3891 query/s
------------------------------------------------
nprobe = 300 k = 40000 num_cand = 240000
Recall = 81.2719%	Ratio = 0
Time = 96700.9 us 	 QPS = 10.3412 query/s
------------------------------------------------
nprobe = 300 k = 20000 num_cand = 120000
Recall = 87.0553%	Ratio = 0
Time = 55662 us 	 QPS = 17.9656 query/s
------------------------------------------------
nprobe = 300 k = 20000 num_cand = 120000
Recall = 83.361%	Ratio = 0
Time = 57226.1 us 	 QPS = 17.4746 query/s
------------------------------------------------
nprobe = 300 k = 20000 num_cand = 120000
Recall = 86.9929%	Ratio = 0
Time = 56192.2 us 	 QPS = 17.7961 query/s
------------------------------------------------
nprobe = 300 k = 20000 num_cand = 120000
Recall = 86.9929%	Ratio = 0
Time = 55728.1 us 	 QPS = 17.9443 query/s
------------------------------------------------
nprobe = 300 k = 20000 num_cand = 120000
Recall = 89.2398%	Ratio = 0
Time = 56097.9 us 	 QPS = 17.826 query/s
------------------------------------------------
nprobe = 300 k = 20000 num_cand = 120000
Recall = 89.2398%	Ratio = 0
Time = 55186.7 us 	 QPS = 18.1203 query/s
------------------------------------------------
nprobe = 300 k = 20000 num_cand = 120000
Recall = 89.2398%	Ratio = 0
Time = 54688.1 us 	 QPS = 18.2855 query/s
------------------------------------------------
nprobe = 600 k = 20000 num_cand = 120000
Recall = 95.3831%	Ratio = 0
Time = 65184.7 us 	 QPS = 15.341 query/s
------------------------------------------------
nprobe = 20 k = 100 num_cand = 2500
Recall = 77.745%	Ratio = 0
Time = 2551.53 us 	 QPS = 391.922 query/s
------------------------------------------------
nprobe = 30 k = 100 num_cand = 2500
Recall = 83.411%	Ratio = 0
Time = 3007.85 us 	 QPS = 332.464 query/s
------------------------------------------------
nprobe = 40 k = 100 num_cand = 2500
Recall = 86.734%	Ratio = 0
Time = 3351.82 us 	 QPS = 298.345 query/s
------------------------------------------------
nprobe = 50 k = 100 num_cand = 2500
Recall = 89.056%	Ratio = 0
Time = 3684.68 us 	 QPS = 271.394 query/s
------------------------------------------------
nprobe = 50 k = 100 num_cand = 2500
Recall = 89.056%	Ratio = 0
Time = 3673.23 us 	 QPS = 272.24 query/s
------------------------------------------------
nprobe = 100 k = 100 num_cand = 2500
Recall = 94.362%	Ratio = 0
Time = 5339.65 us 	 QPS = 187.278 query/s
------------------------------------------------
nprobe = 150 k = 100 num_cand = 2500
Recall = 96.268%	Ratio = 0
Time = 6939.87 us 	 QPS = 144.095 query/s
------------------------------------------------
nprobe = 200 k = 100 num_cand = 2500
Recall = 97.209%	Ratio = 0
Time = 8468.87 us 	 QPS = 118.08 query/s
------------------------------------------------
nprobe = 250 k = 100 num_cand = 2500
Recall = 97.804%	Ratio = 0
Time = 10038.4 us 	 QPS = 99.6177 query/s
------------------------------------------------
nprobe = 300 k = 100 num_cand = 2500
Recall = 98.126%	Ratio = 0
Time = 11605.4 us 	 QPS = 86.1667 query/s
------------------------------------------------
nprobe = 350 k = 100 num_cand = 2500
Recall = 98.352%	Ratio = 0
Time = 13143.9 us 	 QPS = 76.0808 query/s
------------------------------------------------
nprobe = 50 k = 5000 num_cand = 50000
Recall = 71.0611%	Ratio = 0
Time = 19442.5 us 	 QPS = 51.4336 query/s
------------------------------------------------
nprobe = 100 k = 5000 num_cand = 50000
Recall = 82.102%	Ratio = 0
Time = 22068.1 us 	 QPS = 45.3142 query/s
------------------------------------------------
nprobe = 150 k = 5000 num_cand = 50000
Recall = 87.197%	Ratio = 0
Time = 23949.9 us 	 QPS = 41.7539 query/s
------------------------------------------------
nprobe = 200 k = 5000 num_cand = 50000
Recall = 91.1017%	Ratio = 0
Time = 25741.8 us 	 QPS = 38.8473 query/s
------------------------------------------------
nprobe = 250 k = 5000 num_cand = 50000
Recall = 93.0434%	Ratio = 0
Time = 27326.4 us 	 QPS = 36.5947 query/s
------------------------------------------------
nprobe = 300 k = 5000 num_cand = 50000
Recall = 94.4325%	Ratio = 0
Time = 28815.7 us 	 QPS = 34.7033 query/s
------------------------------------------------
nprobe = 350 k = 5000 num_cand = 50000
Recall = 95.3757%	Ratio = 0
Time = 30355.8 us 	 QPS = 32.9426 query/s
------------------------------------------------
nprobe = 400 k = 5000 num_cand = 50000
Recall = 96.0953%	Ratio = 0
Time = 31921 us 	 QPS = 31.3273 query/s
------------------------------------------------
nprobe = 450 k = 5000 num_cand = 50000
Recall = 96.6243%	Ratio = 0
Time = 34267.5 us 	 QPS = 29.1822 query/s
------------------------------------------------
nprobe = 500 k = 5000 num_cand = 50000
Recall = 97.0632%	Ratio = 0
Time = 35820.2 us 	 QPS = 27.9172 query/s
------------------------------------------------
nprobe = 550 k = 5000 num_cand = 50000
Recall = 97.3923%	Ratio = 0
Time = 37223.9 us 	 QPS = 26.8644 query/s
------------------------------------------------
nprobe = 600 k = 5000 num_cand = 50000
Recall = 97.6557%	Ratio = 0
Time = 38160.6 us 	 QPS = 26.205 query/s
------------------------------------------------
nprobe = 650 k = 5000 num_cand = 50000
Recall = 97.8658%	Ratio = 0
Time = 39624.8 us 	 QPS = 25.2367 query/s
------------------------------------------------
nprobe = 700 k = 5000 num_cand = 50000
Recall = 98.0409%	Ratio = 0
Time = 41123.2 us 	 QPS = 24.3172 query/s
------------------------------------------------
nprobe = 100 k = 10000 num_cand = 80000
Recall = 76.8631%	Ratio = 0
Time = 31841.5 us 	 QPS = 31.4056 query/s
------------------------------------------------
nprobe = 200 k = 10000 num_cand = 80000
Recall = 87.9581%	Ratio = 0
Time = 37134.8 us 	 QPS = 26.9289 query/s
------------------------------------------------
nprobe = 300 k = 10000 num_cand = 80000
Recall = 92.424%	Ratio = 0
Time = 40509.2 us 	 QPS = 24.6857 query/s
------------------------------------------------
nprobe = 400 k = 10000 num_cand = 80000
Recall = 94.6762%	Ratio = 0
Time = 43495.5 us 	 QPS = 22.9909 query/s
------------------------------------------------
nprobe = 500 k = 10000 num_cand = 80000
Recall = 96.0086%	Ratio = 0
Time = 46486.7 us 	 QPS = 21.5115 query/s
------------------------------------------------
nprobe = 600 k = 10000 num_cand = 80000
Recall = 96.8368%	Ratio = 0
Time = 49458.9 us 	 QPS = 20.2188 query/s
------------------------------------------------
nprobe = 700 k = 10000 num_cand = 80000
Recall = 97.3744%	Ratio = 0
Time = 52396.4 us 	 QPS = 19.0853 query/s
------------------------------------------------
nprobe = 800 k = 10000 num_cand = 80000
Recall = 97.7377%	Ratio = 0
Time = 55369.9 us 	 QPS = 18.0603 query/s
------------------------------------------------
nprobe = 100 k = 20000 num_cand = 80000
Recall = 69.2503%	Ratio = 0
Time = 32200.5 us 	 QPS = 31.0554 query/s
------------------------------------------------
nprobe = 200 k = 20000 num_cand = 80000
Recall = 82.177%	Ratio = 0
Time = 36975.4 us 	 QPS = 27.045 query/s
------------------------------------------------
nprobe = 300 k = 20000 num_cand = 80000
Recall = 87.4616%	Ratio = 0
Time = 40329.6 us 	 QPS = 24.7957 query/s
------------------------------------------------
nprobe = 100 k = 20000 num_cand = 120000
Recall = 70.2234%	Ratio = 0
Time = 43508.4 us 	 QPS = 22.9841 query/s
------------------------------------------------
nprobe = 200 k = 20000 num_cand = 120000
Recall = 83.3106%	Ratio = 0
Time = 51179.8 us 	 QPS = 19.539 query/s
------------------------------------------------
nprobe = 300 k = 20000 num_cand = 120000
Recall = 89.2398%	Ratio = 0
Time = 55346.7 us 	 QPS = 18.0679 query/s
------------------------------------------------
nprobe = 400 k = 20000 num_cand = 120000
Recall = 92.3746%	Ratio = 0
Time = 58621.8 us 	 QPS = 17.0585 query/s
------------------------------------------------
nprobe = 500 k = 20000 num_cand = 120000
Recall = 94.2197%	Ratio = 0
Time = 61692.7 us 	 QPS = 16.2094 query/s
------------------------------------------------
nprobe = 600 k = 20000 num_cand = 120000
Recall = 95.3831%	Ratio = 0
Time = 64684.5 us 	 QPS = 15.4597 query/s
------------------------------------------------
nprobe = 700 k = 20000 num_cand = 120000
Recall = 96.1411%	Ratio = 0
Time = 67399 us 	 QPS = 14.837 query/s
------------------------------------------------
nprobe = 800 k = 20000 num_cand = 120000
Recall = 96.6592%	Ratio = 0
Time = 70145.6 us 	 QPS = 14.2561 query/s
------------------------------------------------
nprobe = 900 k = 20000 num_cand = 120000
Recall = 97.0089%	Ratio = 0
Time = 73037.7 us 	 QPS = 13.6916 query/s
------------------------------------------------
nprobe = 1000 k = 20000 num_cand = 120000
Recall = 97.2664%	Ratio = 0
Time = 75989.8 us 	 QPS = 13.1597 query/s
------------------------------------------------
nprobe = 100 k = 20000 num_cand = 140000
Recall = 70.5834%	Ratio = 0
Time = 48761.9 us 	 QPS = 20.5078 query/s
------------------------------------------------
nprobe = 200 k = 20000 num_cand = 140000
Recall = 83.5025%	Ratio = 0
Time = 57955 us 	 QPS = 17.2548 query/s
------------------------------------------------
nprobe = 300 k = 20000 num_cand = 140000
Recall = 89.4859%	Ratio = 0
Time = 63153.4 us 	 QPS = 15.8345 query/s
------------------------------------------------
nprobe = 400 k = 20000 num_cand = 140000
Recall = 92.7113%	Ratio = 0
Time = 66729 us 	 QPS = 14.986 query/s
------------------------------------------------
nprobe = 500 k = 20000 num_cand = 140000
Recall = 94.643%	Ratio = 0
Time = 69754.8 us 	 QPS = 14.3359 query/s
------------------------------------------------
nprobe = 600 k = 20000 num_cand = 140000
Recall = 95.8719%	Ratio = 0
Time = 72688.4 us 	 QPS = 13.7574 query/s
------------------------------------------------
nprobe = 700 k = 20000 num_cand = 140000
Recall = 96.6839%	Ratio = 0
Time = 75405 us 	 QPS = 13.2617 query/s
------------------------------------------------
nprobe = 800 k = 20000 num_cand = 140000
Recall = 97.2425%	Ratio = 0
Time = 78219.1 us 	 QPS = 12.7846 query/s
------------------------------------------------
nprobe = 900 k = 20000 num_cand = 140000
Recall = 97.6244%	Ratio = 0
Time = 80948.9 us 	 QPS = 12.3535 query/s
------------------------------------------------
nprobe = 1000 k = 20000 num_cand = 140000
Recall = 97.9081%	Ratio = 0
Time = 83835.2 us 	 QPS = 11.9282 query/s
------------------------------------------------
nprobe = 1100 k = 20000 num_cand = 140000
Recall = 98.1188%	Ratio = 0
Time = 86742.9 us 	 QPS = 11.5283 query/s
------------------------------------------------
nprobe = 200 k = 40000 num_cand = 240000
Recall = 77.5119%	Ratio = 0
Time = 87084.2 us 	 QPS = 11.4831 query/s
------------------------------------------------
nprobe = 300 k = 40000 num_cand = 240000
Recall = 84.9133%	Ratio = 0
Time = 97475 us 	 QPS = 10.259 query/s
------------------------------------------------
nprobe = 400 k = 40000 num_cand = 240000
Recall = 89.3539%	Ratio = 0
Time = 104081 us 	 QPS = 9.6079 query/s
------------------------------------------------
nprobe = 500 k = 40000 num_cand = 240000
Recall = 92.2358%	Ratio = 0
Time = 108931 us 	 QPS = 9.18016 query/s
------------------------------------------------
nprobe = 600 k = 40000 num_cand = 240000
Recall = 94.0884%	Ratio = 0
Time = 112126 us 	 QPS = 8.91851 query/s
------------------------------------------------
nprobe = 700 k = 40000 num_cand = 240000
Recall = 95.356%	Ratio = 0
Time = 114966 us 	 QPS = 8.69823 query/s
------------------------------------------------
nprobe = 800 k = 40000 num_cand = 240000
Recall = 96.2383%	Ratio = 0
Time = 117765 us 	 QPS = 8.49146 query/s
------------------------------------------------
nprobe = 900 k = 40000 num_cand = 240000
Recall = 96.8746%	Ratio = 0
Time = 120032 us 	 QPS = 8.33108 query/s
------------------------------------------------
nprobe = 1000 k = 40000 num_cand = 240000
Recall = 97.3464%	Ratio = 0
Time = 122452 us 	 QPS = 8.16648 query/s
------------------------------------------------
nprobe = 1100 k = 40000 num_cand = 240000
Recall = 97.6837%	Ratio = 0
Time = 125343 us 	 QPS = 7.97812 query/s
------------------------------------------------
nprobe = 1200 k = 40000 num_cand = 240000
Recall = 97.9352%	Ratio = 0
Time = 127963 us 	 QPS = 7.81475 query/s
------------------------------------------------
nprobe = 200 k = 100000 num_cand = 240000
Recall = 64.6724%	Ratio = 0
Time = 86314 us 	 QPS = 11.5856 query/s
------------------------------------------------
nprobe = 300 k = 100000 num_cand = 240000
Recall = 73.3373%	Ratio = 0
Time = 96805 us 	 QPS = 10.33 query/s
------------------------------------------------
nprobe = 400 k = 100000 num_cand = 240000
Recall = 78.842%	Ratio = 0
Time = 103369 us 	 QPS = 9.67407 query/s
------------------------------------------------
nprobe = 500 k = 100000 num_cand = 240000
Recall = 82.6237%	Ratio = 0
Time = 108736 us 	 QPS = 9.19663 query/s
------------------------------------------------
nprobe = 600 k = 100000 num_cand = 240000
Recall = 84.9054%	Ratio = 0
Time = 111900 us 	 QPS = 8.93653 query/s
------------------------------------------------
nprobe = 700 k = 100000 num_cand = 240000
Recall = 86.4173%	Ratio = 0
Time = 114767 us 	 QPS = 8.71333 query/s
------------------------------------------------
nprobe = 800 k = 100000 num_cand = 240000
Recall = 87.3941%	Ratio = 0
Time = 117605 us 	 QPS = 8.50301 query/s
------------------------------------------------
nprobe = 200 k = 100000 num_cand = 500000
Recall = 68.6909%	Ratio = 0
Time = 138626 us 	 QPS = 7.21365 query/s
------------------------------------------------
nprobe = 400 k = 100000 num_cand = 500000
Recall = 82.2147%	Ratio = 0
Time = 179634 us 	 QPS = 5.56686 query/s
------------------------------------------------
nprobe = 600 k = 100000 num_cand = 500000
Recall = 89.4718%	Ratio = 0
Time = 203440 us 	 QPS = 4.91545 query/s
------------------------------------------------
nprobe = 800 k = 100000 num_cand = 500000
Recall = 93.3427%	Ratio = 0
Time = 217826 us 	 QPS = 4.59083 query/s
------------------------------------------------
nprobe = 1000 k = 100000 num_cand = 500000
Recall = 95.6179%	Ratio = 0
Time = 226395 us 	 QPS = 4.41706 query/s
------------------------------------------------
nprobe = 1200 k = 100000 num_cand = 500000
Recall = 96.9896%	Ratio = 0
Time = 231929 us 	 QPS = 4.31167 query/s
------------------------------------------------
nprobe = 1400 k = 100000 num_cand = 500000
Recall = 97.7402%	Ratio = 0
Time = 236815 us 	 QPS = 4.22271 query/s
------------------------------------------------
nprobe = 1600 k = 100000 num_cand = 500000
Recall = 98.1777%	Ratio = 0
Time = 241275 us 	 QPS = 4.14465 query/s
------------------------------------------------
nprobe = 500 k = 100000 num_cand = 320000
Recall = 87.3747%	Ratio = 0
Time = 141323 us 	 QPS = 7.07601 query/s
------------------------------------------------
nprobe = 500 k = 100000 num_cand = 500000
Recall = 88.6372%	Ratio = 0
Time = 212384 us 	 QPS = 4.70845 query/s
------------------------------------------------
nprobe = 500 k = 40000 num_cand = 240000
Recall = 92.8107%	Ratio = 0
Time = 107858 us 	 QPS = 9.27147 query/s
------------------------------------------------
nprobe = 500 k = 20000 num_cand = 140000
Recall = 94.7798%	Ratio = 0
Time = 68943 us 	 QPS = 14.5047 query/s
------------------------------------------------
nprobe = 500 k = 10000 num_cand = 80000
Recall = 96.0318%	Ratio = 0
Time = 46080.4 us 	 QPS = 21.7012 query/s
------------------------------------------------
nprobe = 50 k = 500 num_cand = 8000
Recall = 84.2594%	Ratio = 0
Time = 5346.63 us 	 QPS = 187.034 query/s
------------------------------------------------
nprobe = 100 k = 500 num_cand = 8000
Recall = 91.426%	Ratio = 0
Time = 7034.75 us 	 QPS = 142.151 query/s
------------------------------------------------
nprobe = 150 k = 500 num_cand = 8000
Recall = 94.2266%	Ratio = 0
Time = 8535.5 us 	 QPS = 117.158 query/s
------------------------------------------------
nprobe = 200 k = 500 num_cand = 8000
Recall = 95.6808%	Ratio = 0
Time = 10004.3 us 	 QPS = 99.957 query/s
------------------------------------------------
nprobe = 250 k = 500 num_cand = 8000
Recall = 96.5676%	Ratio = 0
Time = 11585.8 us 	 QPS = 86.3123 query/s
------------------------------------------------
nprobe = 300 k = 500 num_cand = 8000
Recall = 97.1044%	Ratio = 0
Time = 13332.5 us 	 QPS = 75.0044 query/s
------------------------------------------------
nprobe = 350 k = 500 num_cand = 8000
Recall = 97.4962%	Ratio = 0
Time = 15125 us 	 QPS = 66.1157 query/s
------------------------------------------------
nprobe = 400 k = 500 num_cand = 8000
Recall = 97.783%	Ratio = 0
Time = 16468.8 us 	 QPS = 60.721 query/s
------------------------------------------------
nprobe = 450 k = 500 num_cand = 8000
Recall = 97.9878%	Ratio = 0
Time = 17997.5 us 	 QPS = 55.5634 query/s
------------------------------------------------
nprobe = 500 k = 500 num_cand = 8000
Recall = 98.1404%	Ratio = 0
Time = 19577 us 	 QPS = 51.0804 query/s
------------------------------------------------
nprobe = 50 k = 500 num_cand = 8000
Recall = 84.2594%	Ratio = 0
Time = 5759.13 us 	 QPS = 173.637 query/s
------------------------------------------------
nprobe = 10 k = 500 num_cand = 8000
Recall = 57.8184%	Ratio = 0
Time = 3771.08 us 	 QPS = 265.176 query/s
------------------------------------------------
nprobe = 40 k = 500 num_cand = 8000
Recall = 81.3022%	Ratio = 0
Time = 4957.33 us 	 QPS = 201.721 query/s
------------------------------------------------
nprobe = 70 k = 500 num_cand = 8000
Recall = 88.0988%	Ratio = 0
Time = 5953.47 us 	 QPS = 167.969 query/s
------------------------------------------------
nprobe = 100 k = 500 num_cand = 8000
Recall = 91.426%	Ratio = 0
Time = 6905.37 us 	 QPS = 144.815 query/s
------------------------------------------------
nprobe = 130 k = 500 num_cand = 8000
Recall = 93.3212%	Ratio = 0
Time = 7824.08 us 	 QPS = 127.811 query/s
------------------------------------------------
nprobe = 160 k = 500 num_cand = 8000
Recall = 94.6032%	Ratio = 0
Time = 8714.9 us 	 QPS = 114.746 query/s
------------------------------------------------
nprobe = 190 k = 500 num_cand = 8000
Recall = 95.465%	Ratio = 0
Time = 9641.45 us 	 QPS = 103.719 query/s
------------------------------------------------
nprobe = 220 k = 500 num_cand = 8000
Recall = 96.0816%	Ratio = 0
Time = 10607.5 us 	 QPS = 94.2732 query/s
------------------------------------------------
nprobe = 250 k = 500 num_cand = 8000
Recall = 96.5676%	Ratio = 0
Time = 11530.3 us 	 QPS = 86.7277 query/s
------------------------------------------------
nprobe = 280 k = 500 num_cand = 8000
Recall = 96.9138%	Ratio = 0
Time = 12454.9 us 	 QPS = 80.2898 query/s
------------------------------------------------
nprobe = 310 k = 500 num_cand = 8000
Recall = 97.193%	Ratio = 0
Time = 13454 us 	 QPS = 74.3274 query/s
------------------------------------------------
nprobe = 50 k = 500 num_cand = 8000
Recall = 84.2594%	Ratio = 0
Time = 5459.93 us 	 QPS = 183.153 query/s
------------------------------------------------
nprobe = 10 k = 500 num_cand = 8000
Recall = 57.8184%	Ratio = 0
Time = 3851.93 us 	 QPS = 259.61 query/s
------------------------------------------------
nprobe = 40 k = 500 num_cand = 8000
Recall = 81.3022%	Ratio = 0
Time = 5113.26 us 	 QPS = 195.57 query/s
------------------------------------------------
nprobe = 70 k = 500 num_cand = 8000
Recall = 88.0988%	Ratio = 0
Time = 6090.93 us 	 QPS = 164.178 query/s
------------------------------------------------
nprobe = 100 k = 500 num_cand = 8000
Recall = 91.426%	Ratio = 0
Time = 7044.04 us 	 QPS = 141.964 query/s
------------------------------------------------
nprobe = 130 k = 500 num_cand = 8000
Recall = 93.3212%	Ratio = 0
Time = 8000.73 us 	 QPS = 124.989 query/s
------------------------------------------------
nprobe = 160 k = 500 num_cand = 8000
Recall = 94.6032%	Ratio = 0
Time = 8952.02 us 	 QPS = 111.707 query/s
------------------------------------------------
nprobe = 190 k = 500 num_cand = 8000
Recall = 95.465%	Ratio = 0
Time = 9906.44 us 	 QPS = 100.944 query/s
------------------------------------------------
nprobe = 220 k = 500 num_cand = 8000
Recall = 96.0816%	Ratio = 0
Time = 11094.3 us 	 QPS = 90.1366 query/s
------------------------------------------------
nprobe = 250 k = 500 num_cand = 8000
Recall = 96.5676%	Ratio = 0
Time = 11751.2 us 	 QPS = 85.0979 query/s
------------------------------------------------
nprobe = 280 k = 500 num_cand = 8000
Recall = 96.9138%	Ratio = 0
Time = 12587.3 us 	 QPS = 79.4454 query/s
------------------------------------------------
nprobe = 310 k = 500 num_cand = 8000
Recall = 97.193%	Ratio = 0
Time = 13583.5 us 	 QPS = 73.6185 query/s
------------------------------------------------
nprobe = 50 k = 500 num_cand = 8000
Recall = 84.2594%	Ratio = 0
Time = 5380.38 us 	 QPS = 185.861 query/s
------------------------------------------------
nprobe = 50 k = 500 num_cand = 8000
Recall = 84.2594%	Ratio = 0
Time = 5403.26 us 	 QPS = 185.073 query/s
average rerank_count: 1599
------------------------------------------------
nprobe = 100 k = 500 num_cand = 8000
Recall = 91.426%	Ratio = 0
Time = 7099.69 us 	 QPS = 140.851 query/s
average rerank_count: 1101
------------------------------------------------
nprobe = 200 k = 500 num_cand = 8000
Recall = 95.6808%	Ratio = 0
Time = 10151.3 us 	 QPS = 98.5094 query/s
average rerank_count: 724
------------------------------------------------
nprobe = 300 k = 500 num_cand = 8000
Recall = 97.1044%	Ratio = 0
Time = 13366.1 us 	 QPS = 74.816 query/s
average rerank_count: 557
------------------------------------------------
nprobe = 400 k = 500 num_cand = 8000
Recall = 97.783%	Ratio = 0
Time = 16500.2 us 	 QPS = 60.6052 query/s
average rerank_count: 449
------------------------------------------------
nprobe = 500 k = 500 num_cand = 8000
Recall = 98.1404%	Ratio = 0
Time = 19676.6 us 	 QPS = 50.8217 query/s
average rerank_count: 379
------------------------------------------------------------------------------------------------
nprobe = 50 k = 5000 num_cand = 50000
Recall = 71.4801%	Ratio = 0
Time = 19261.3 us 	 QPS = 51.9176 query/s
average rerank_count: 21041
------------------------------------------------
nprobe = 100 k = 5000 num_cand = 50000
Recall = 82.8%	Ratio = 0
Time = 22141.8 us 	 QPS = 45.1634 query/s
average rerank_count: 13957
------------------------------------------------
nprobe = 200 k = 5000 num_cand = 50000
Recall = 91.1925%	Ratio = 0
Time = 25840.4 us 	 QPS = 38.699 query/s
average rerank_count: 8213
------------------------------------------------
nprobe = 300 k = 5000 num_cand = 50000
Recall = 94.4489%	Ratio = 0
Time = 28838.7 us 	 QPS = 34.6756 query/s
average rerank_count: 5704
------------------------------------------------
nprobe = 400 k = 5000 num_cand = 50000
Recall = 96.0989%	Ratio = 0
Time = 31884 us 	 QPS = 31.3637 query/s
average rerank_count: 4363
------------------------------------------------
nprobe = 500 k = 5000 num_cand = 50000
Recall = 97.0642%	Ratio = 0
Time = 34971.1 us 	 QPS = 28.595 query/s
average rerank_count: 3560
------------------------------------------------
nprobe = 600 k = 5000 num_cand = 50000
Recall = 97.6555%	Ratio = 0
Time = 38075 us 	 QPS = 26.2639 query/s
average rerank_count: 3025
------------------------------------------------
nprobe = 700 k = 5000 num_cand = 50000
Recall = 98.0411%	Ratio = 0
Time = 41185.6 us 	 QPS = 24.2803 query/s
average rerank_count: 2697
------------------------------------------------
nprobe = 800 k = 5000 num_cand = 50000
Recall = 98.303%	Ratio = 0
Time = 44256 us 	 QPS = 22.5958 query/s
average rerank_count: 2345
