------------------------------------------------
nprobe = 20 k = 5000 num_cand = 50000
Recall = 83.3634%	Ratio = 0
Time = 5171.04 us 	 QPS = 193.385 query/s
------------------------------------------------
nprobe = 40 k = 5000 num_cand = 50000
Recall = 89.9641%	Ratio = 0
Time = 5925.58 us 	 QPS = 168.76 query/s
------------------------------------------------
nprobe = 60 k = 5000 num_cand = 50000
Recall = 92.2256%	Ratio = 0
Time = 6445.44 us 	 QPS = 155.149 query/s
------------------------------------------------
nprobe = 80 k = 5000 num_cand = 50000
Recall = 93.2991%	Ratio = 0
Time = 6881.15 us 	 QPS = 145.325 query/s
------------------------------------------------
nprobe = 100 k = 5000 num_cand = 50000
Recall = 93.8937%	Ratio = 0
Time = 7274.5 us 	 QPS = 137.467 query/s
------------------------------------------------
nprobe = 120 k = 5000 num_cand = 50000
Recall = 94.2535%	Ratio = 0
Time = 7651.18 us 	 QPS = 130.699 query/s
------------------------------------------------
nprobe = 140 k = 5000 num_cand = 50000
Recall = 94.4898%	Ratio = 0
Time = 8016.88 us 	 QPS = 124.737 query/s
------------------------------------------------
nprobe = 160 k = 5000 num_cand = 50000
Recall = 94.6491%	Ratio = 0
Time = 8373.27 us 	 QPS = 119.428 query/s
------------------------------------------------
nprobe = 180 k = 5000 num_cand = 50000
Recall = 94.7637%	Ratio = 0
Time = 8725.29 us 	 QPS = 114.609 query/s
------------------------------------------------
nprobe = 200 k = 5000 num_cand = 50000
Recall = 94.7482%	Ratio = 0
Time = 9257.38 us 	 QPS = 108.022 query/s
------------------------------------------------
nprobe = 220 k = 5000 num_cand = 50000
Recall = 94.8088%	Ratio = 0
Time = 9609.4 us 	 QPS = 104.065 query/s
------------------------------------------------
nprobe = 240 k = 5000 num_cand = 50000
Recall = 94.8556%	Ratio = 0
Time = 9958.09 us 	 QPS = 100.421 query/s
------------------------------------------------
nprobe = 260 k = 5000 num_cand = 50000
Recall = 94.891%	Ratio = 0
Time = 10275.3 us 	 QPS = 97.3207 query/s
------------------------------------------------
nprobe = 280 k = 5000 num_cand = 50000
Recall = 94.915%	Ratio = 0
Time = 10572.6 us 	 QPS = 94.5841 query/s
------------------------------------------------
nprobe = 20 k = 10000 num_cand = 80000
Recall = 80.724%	Ratio = 0
Time = 7124.64 us 	 QPS = 140.358 query/s
------------------------------------------------
nprobe = 40 k = 10000 num_cand = 80000
Recall = 88.385%	Ratio = 0
Time = 8057.99 us 	 QPS = 124.1 query/s
------------------------------------------------
nprobe = 60 k = 10000 num_cand = 80000
Recall = 91.1381%	Ratio = 0
Time = 8628.63 us 	 QPS = 115.893 query/s
------------------------------------------------
nprobe = 80 k = 10000 num_cand = 80000
Recall = 92.4736%	Ratio = 0
Time = 9102.04 us 	 QPS = 109.866 query/s
------------------------------------------------
nprobe = 100 k = 10000 num_cand = 80000
Recall = 93.2312%	Ratio = 0
Time = 9518.73 us 	 QPS = 105.056 query/s
------------------------------------------------
nprobe = 120 k = 10000 num_cand = 80000
Recall = 93.7041%	Ratio = 0
Time = 9904.71 us 	 QPS = 100.962 query/s
------------------------------------------------
nprobe = 140 k = 10000 num_cand = 80000
Recall = 94.0109%	Ratio = 0
Time = 10268.5 us 	 QPS = 97.3856 query/s
------------------------------------------------
nprobe = 160 k = 10000 num_cand = 80000
Recall = 94.2239%	Ratio = 0
Time = 10626.1 us 	 QPS = 94.1078 query/s
------------------------------------------------
nprobe = 180 k = 10000 num_cand = 80000
Recall = 94.3738%	Ratio = 0
Time = 10978.2 us 	 QPS = 91.0898 query/s
------------------------------------------------
nprobe = 200 k = 10000 num_cand = 80000
Recall = 94.429%	Ratio = 0
Time = 11289.3 us 	 QPS = 88.5791 query/s
------------------------------------------------
nprobe = 220 k = 10000 num_cand = 80000
Recall = 94.5119%	Ratio = 0
Time = 11628 us 	 QPS = 85.9996 query/s
------------------------------------------------
nprobe = 240 k = 10000 num_cand = 80000
Recall = 94.5757%	Ratio = 0
Time = 11964.8 us 	 QPS = 83.5783 query/s
------------------------------------------------
nprobe = 260 k = 10000 num_cand = 80000
Recall = 94.6282%	Ratio = 0
Time = 12305.7 us 	 QPS = 81.2631 query/s
------------------------------------------------
nprobe = 280 k = 10000 num_cand = 80000
Recall = 94.6686%	Ratio = 0
Time = 12642.9 us 	 QPS = 79.0961 query/s
------------------------------------------------
nprobe = 30 k = 20000 num_cand = 120000
Recall = 82.7912%	Ratio = 0
Time = 10571.2 us 	 QPS = 94.5966 query/s
------------------------------------------------
nprobe = 60 k = 20000 num_cand = 120000
Recall = 89.1595%	Ratio = 0
Time = 11742.6 us 	 QPS = 85.1601 query/s
------------------------------------------------
nprobe = 90 k = 20000 num_cand = 120000
Recall = 91.2819%	Ratio = 0
Time = 12520.2 us 	 QPS = 79.8709 query/s
------------------------------------------------
nprobe = 120 k = 20000 num_cand = 120000
Recall = 92.2628%	Ratio = 0
Time = 13147.4 us 	 QPS = 76.0608 query/s
------------------------------------------------
nprobe = 150 k = 20000 num_cand = 120000
Recall = 92.8024%	Ratio = 0
Time = 13715 us 	 QPS = 72.9127 query/s
------------------------------------------------
nprobe = 180 k = 20000 num_cand = 120000
Recall = 93.1177%	Ratio = 0
Time = 14250.6 us 	 QPS = 70.1723 query/s
------------------------------------------------
nprobe = 210 k = 20000 num_cand = 120000
Recall = 93.4194%	Ratio = 0
Time = 14573.5 us 	 QPS = 68.6175 query/s
------------------------------------------------
nprobe = 240 k = 20000 num_cand = 120000
Recall = 93.558%	Ratio = 0
Time = 15066 us 	 QPS = 66.3747 query/s
------------------------------------------------
nprobe = 270 k = 20000 num_cand = 120000
Recall = 93.6543%	Ratio = 0
Time = 15561 us 	 QPS = 64.2632 query/s
------------------------------------------------
nprobe = 300 k = 20000 num_cand = 120000
Recall = 93.6752%	Ratio = 0
Time = 16122.1 us 	 QPS = 62.0268 query/s
------------------------------------------------
nprobe = 330 k = 20000 num_cand = 120000
Recall = 93.7234%	Ratio = 0
Time = 16617.8 us 	 QPS = 60.1764 query/s
------------------------------------------------
nprobe = 360 k = 20000 num_cand = 120000
Recall = 93.7586%	Ratio = 0
Time = 17129.3 us 	 QPS = 58.3795 query/s
------------------------------------------------
nprobe = 390 k = 20000 num_cand = 120000
Recall = 93.787%	Ratio = 0
Time = 17625.7 us 	 QPS = 56.7354 query/s
------------------------------------------------
nprobe = 30 k = 20000 num_cand = 140000
Recall = 83.3008%	Ratio = 0
Time = 11831.7 us 	 QPS = 84.5186 query/s
------------------------------------------------
nprobe = 60 k = 20000 num_cand = 140000
Recall = 90.0717%	Ratio = 0
Time = 13137.7 us 	 QPS = 76.1167 query/s
------------------------------------------------
nprobe = 90 k = 20000 num_cand = 140000
Recall = 92.3851%	Ratio = 0
Time = 13937.1 us 	 QPS = 71.751 query/s
------------------------------------------------
nprobe = 120 k = 20000 num_cand = 140000
Recall = 93.4692%	Ratio = 0
Time = 14605.1 us 	 QPS = 68.4692 query/s
------------------------------------------------
nprobe = 150 k = 20000 num_cand = 140000
Recall = 94.0649%	Ratio = 0
Time = 15185.2 us 	 QPS = 65.8534 query/s
------------------------------------------------
nprobe = 180 k = 20000 num_cand = 140000
Recall = 94.4241%	Ratio = 0
Time = 15721.8 us 	 QPS = 63.6061 query/s
------------------------------------------------
nprobe = 210 k = 20000 num_cand = 140000
Recall = 94.7823%	Ratio = 0
Time = 15990 us 	 QPS = 62.5393 query/s
------------------------------------------------
nprobe = 240 k = 20000 num_cand = 140000
Recall = 94.9359%	Ratio = 0
Time = 16511.9 us 	 QPS = 60.5624 query/s
------------------------------------------------
nprobe = 270 k = 20000 num_cand = 140000
Recall = 95.0482%	Ratio = 0
Time = 17030.7 us 	 QPS = 58.7173 query/s
------------------------------------------------
nprobe = 300 k = 20000 num_cand = 140000
Recall = 95.1094%	Ratio = 0
Time = 17520.7 us 	 QPS = 57.0754 query/s
------------------------------------------------
nprobe = 330 k = 20000 num_cand = 140000
Recall = 95.1653%	Ratio = 0
Time = 18006 us 	 QPS = 55.5371 query/s
------------------------------------------------
nprobe = 360 k = 20000 num_cand = 140000
Recall = 95.2086%	Ratio = 0
Time = 18504.6 us 	 QPS = 54.0406 query/s
------------------------------------------------
nprobe = 390 k = 20000 num_cand = 140000
Recall = 95.2402%	Ratio = 0
Time = 19006 us 	 QPS = 52.615 query/s
------------------------------------------------
nprobe = 30 k = 40000 num_cand = 240000
Recall = 79.6555%	Ratio = 0
Time = 18419.7 us 	 QPS = 54.2898 query/s
------------------------------------------------
nprobe = 60 k = 40000 num_cand = 240000
Recall = 88.0046%	Ratio = 0
Time = 20597.2 us 	 QPS = 48.5503 query/s
------------------------------------------------
nprobe = 90 k = 40000 num_cand = 240000
Recall = 91.0034%	Ratio = 0
Time = 21664.1 us 	 QPS = 46.1592 query/s
------------------------------------------------
nprobe = 120 k = 40000 num_cand = 240000
Recall = 92.4354%	Ratio = 0
Time = 22445.2 us 	 QPS = 44.5529 query/s
------------------------------------------------
nprobe = 150 k = 40000 num_cand = 240000
Recall = 93.2414%	Ratio = 0
Time = 23119.4 us 	 QPS = 43.2538 query/s
------------------------------------------------
nprobe = 180 k = 40000 num_cand = 240000
Recall = 93.7344%	Ratio = 0
Time = 23735.1 us 	 QPS = 42.1317 query/s
------------------------------------------------
nprobe = 210 k = 40000 num_cand = 240000
Recall = 94.5991%	Ratio = 0
Time = 23634.5 us 	 QPS = 42.311 query/s
------------------------------------------------
nprobe = 240 k = 40000 num_cand = 240000
Recall = 94.8316%	Ratio = 0
Time = 24137.6 us 	 QPS = 41.4291 query/s
------------------------------------------------
nprobe = 270 k = 40000 num_cand = 240000
Recall = 94.9973%	Ratio = 0
Time = 24640.2 us 	 QPS = 40.5841 query/s
------------------------------------------------
nprobe = 300 k = 40000 num_cand = 240000
Recall = 95.1512%	Ratio = 0
Time = 24923.4 us 	 QPS = 40.1229 query/s
------------------------------------------------
nprobe = 330 k = 40000 num_cand = 240000
Recall = 95.2451%	Ratio = 0
Time = 25410.7 us 	 QPS = 39.3534 query/s
------------------------------------------------
nprobe = 360 k = 40000 num_cand = 240000
Recall = 95.3114%	Ratio = 0
Time = 25886.2 us 	 QPS = 38.6306 query/s
------------------------------------------------
nprobe = 390 k = 40000 num_cand = 240000
Recall = 95.3665%	Ratio = 0
Time = 26360.3 us 	 QPS = 37.9358 query/s
------------------------------------------------
nprobe = 30 k = 100000 num_cand = 500000
Recall = 73.0845%	Ratio = 0
Time = 30140.5 us 	 QPS = 33.1779 query/s
------------------------------------------------
nprobe = 60 k = 100000 num_cand = 500000
Recall = 84.4238%	Ratio = 0
Time = 39504.9 us 	 QPS = 25.3133 query/s
------------------------------------------------
nprobe = 90 k = 100000 num_cand = 500000
Recall = 88.9932%	Ratio = 0
Time = 42157.8 us 	 QPS = 23.7204 query/s
------------------------------------------------
nprobe = 120 k = 100000 num_cand = 500000
Recall = 91.3238%	Ratio = 0
Time = 43549.4 us 	 QPS = 22.9625 query/s
------------------------------------------------
nprobe = 150 k = 100000 num_cand = 500000
Recall = 92.7022%	Ratio = 0
Time = 44555.3 us 	 QPS = 22.444 query/s
------------------------------------------------
nprobe = 180 k = 100000 num_cand = 500000
Recall = 93.5776%	Ratio = 0
Time = 45472.4 us 	 QPS = 21.9914 query/s
------------------------------------------------
nprobe = 210 k = 100000 num_cand = 500000
Recall = 94.3577%	Ratio = 0
Time = 45338.3 us 	 QPS = 22.0564 query/s
------------------------------------------------
nprobe = 240 k = 100000 num_cand = 500000
Recall = 94.7761%	Ratio = 0
Time = 45979.2 us 	 QPS = 21.749 query/s
------------------------------------------------
nprobe = 270 k = 100000 num_cand = 500000
Recall = 95.0821%	Ratio = 0
Time = 46494.1 us 	 QPS = 21.5081 query/s
------------------------------------------------
nprobe = 300 k = 100000 num_cand = 500000
Recall = 95.3106%	Ratio = 0
Time = 46398.4 us 	 QPS = 21.5525 query/s
------------------------------------------------
nprobe = 330 k = 100000 num_cand = 500000
Recall = 95.4845%	Ratio = 0
Time = 46912 us 	 QPS = 21.3165 query/s
------------------------------------------------
nprobe = 360 k = 100000 num_cand = 500000
Recall = 95.619%	Ratio = 0
Time = 47408.5 us 	 QPS = 21.0933 query/s
------------------------------------------------
nprobe = 390 k = 100000 num_cand = 500000
Recall = 95.726%	Ratio = 0
Time = 47906.5 us 	 QPS = 20.874 query/s
------------------------------------------------
nprobe = 30 k = 100000 num_cand = 700000
Recall = 73.1394%	Ratio = 0
Time = 29922.7 us 	 QPS = 33.4194 query/s
------------------------------------------------
nprobe = 60 k = 100000 num_cand = 700000
Recall = 84.7456%	Ratio = 0
Time = 49725.7 us 	 QPS = 20.1103 query/s
------------------------------------------------
nprobe = 90 k = 100000 num_cand = 700000
Recall = 89.6608%	Ratio = 0
Time = 56085.7 us 	 QPS = 17.8299 query/s
------------------------------------------------
nprobe = 120 k = 100000 num_cand = 700000
Recall = 92.2741%	Ratio = 0
Time = 58917.5 us 	 QPS = 16.9729 query/s
------------------------------------------------
nprobe = 150 k = 100000 num_cand = 700000
Recall = 93.8657%	Ratio = 0
Time = 60563.3 us 	 QPS = 16.5116 query/s
------------------------------------------------
nprobe = 180 k = 100000 num_cand = 700000
Recall = 94.902%	Ratio = 0
Time = 61748.4 us 	 QPS = 16.1947 query/s
------------------------------------------------
nprobe = 210 k = 100000 num_cand = 700000
Recall = 95.7999%	Ratio = 0
Time = 62068 us 	 QPS = 16.1114 query/s
------------------------------------------------
nprobe = 240 k = 100000 num_cand = 700000
Recall = 96.3114%	Ratio = 0
Time = 62797.5 us 	 QPS = 15.9242 query/s
------------------------------------------------
nprobe = 270 k = 100000 num_cand = 700000
Recall = 96.6908%	Ratio = 0
Time = 63523.9 us 	 QPS = 15.7421 query/s
------------------------------------------------
nprobe = 300 k = 100000 num_cand = 700000
Recall = 96.9809%	Ratio = 0
Time = 62981.3 us 	 QPS = 15.8777 query/s
------------------------------------------------
nprobe = 330 k = 100000 num_cand = 700000
Recall = 97.2016%	Ratio = 0
Time = 63535.3 us 	 QPS = 15.7393 query/s
------------------------------------------------
nprobe = 360 k = 100000 num_cand = 700000
Recall = 97.3738%	Ratio = 0
Time = 64101.9 us 	 QPS = 15.6002 query/s
------------------------------------------------
nprobe = 390 k = 100000 num_cand = 700000
Recall = 97.512%	Ratio = 0
Time = 64527.5 us 	 QPS = 15.4973 query/s
------------------------------------------------
nprobe = 10 k = 100 num_cand = 2500
Recall = 83.9032%	Ratio = 0
Time = 1183.2 us 	 QPS = 845.165 query/s
------------------------------------------------
nprobe = 40 k = 100 num_cand = 2500
Recall = 93.2492%	Ratio = 0
Time = 1887.86 us 	 QPS = 529.701 query/s
------------------------------------------------
nprobe = 70 k = 100 num_cand = 2500
Recall = 94.3183%	Ratio = 0
Time = 2473.49 us 	 QPS = 404.287 query/s
------------------------------------------------
nprobe = 100 k = 100 num_cand = 2500
Recall = 94.6388%	Ratio = 0
Time = 3038.75 us 	 QPS = 329.083 query/s
------------------------------------------------
nprobe = 130 k = 100 num_cand = 2500
Recall = 94.7685%	Ratio = 0
Time = 3594.22 us 	 QPS = 278.225 query/s
------------------------------------------------
nprobe = 160 k = 100 num_cand = 2500
Recall = 94.8289%	Ratio = 0
Time = 4141.57 us 	 QPS = 241.454 query/s
------------------------------------------------
nprobe = 190 k = 100 num_cand = 2500
Recall = 94.8621%	Ratio = 0
Time = 4682.35 us 	 QPS = 213.568 query/s
------------------------------------------------
nprobe = 220 k = 100 num_cand = 2500
Recall = 94.5659%	Ratio = 0
Time = 5298.35 us 	 QPS = 188.738 query/s
------------------------------------------------
nprobe = 10 k = 100 num_cand = 4000
Recall = 84.9564%	Ratio = 0
Time = 1356.61 us 	 QPS = 737.132 query/s
------------------------------------------------
nprobe = 40 k = 100 num_cand = 4000
Recall = 95.119%	Ratio = 0
Time = 2094.52 us 	 QPS = 477.436 query/s
------------------------------------------------
nprobe = 70 k = 100 num_cand = 4000
Recall = 96.3679%	Ratio = 0
Time = 2692.53 us 	 QPS = 371.398 query/s
------------------------------------------------
nprobe = 100 k = 100 num_cand = 4000
Recall = 96.7506%	Ratio = 0
Time = 3261.33 us 	 QPS = 306.624 query/s
------------------------------------------------
nprobe = 130 k = 100 num_cand = 4000
Recall = 96.9125%	Ratio = 0
Time = 3821.9 us 	 QPS = 261.65 query/s
------------------------------------------------
nprobe = 160 k = 100 num_cand = 4000
Recall = 96.991%	Ratio = 0
Time = 4388.19 us 	 QPS = 227.885 query/s
------------------------------------------------
nprobe = 190 k = 100 num_cand = 4000
Recall = 97.0324%	Ratio = 0
Time = 4973.97 us 	 QPS = 201.047 query/s
------------------------------------------------
nprobe = 220 k = 100 num_cand = 4000
Recall = 96.9186%	Ratio = 0
Time = 5573.56 us 	 QPS = 179.419 query/s
------------------------------------------------
nprobe = 10 k = 100 num_cand = 5000
Recall = 85.2566%	Ratio = 0
Time = 1449.2 us 	 QPS = 690.035 query/s
------------------------------------------------
nprobe = 40 k = 100 num_cand = 5000
Recall = 95.735%	Ratio = 0
Time = 2200.26 us 	 QPS = 454.492 query/s
------------------------------------------------
nprobe = 70 k = 100 num_cand = 5000
Recall = 97.0532%	Ratio = 0
Time = 2802.11 us 	 QPS = 356.874 query/s
------------------------------------------------
nprobe = 100 k = 100 num_cand = 5000
Recall = 97.4699%	Ratio = 0
Time = 3358.85 us 	 QPS = 297.721 query/s
------------------------------------------------
nprobe = 130 k = 100 num_cand = 5000
Recall = 97.6466%	Ratio = 0
Time = 3909.38 us 	 QPS = 255.795 query/s
------------------------------------------------
nprobe = 160 k = 100 num_cand = 5000
Recall = 97.7331%	Ratio = 0
Time = 4491.45 us 	 QPS = 222.645 query/s
------------------------------------------------
nprobe = 190 k = 100 num_cand = 5000
Recall = 97.78%	Ratio = 0
Time = 5015.55 us 	 QPS = 199.38 query/s
------------------------------------------------
nprobe = 220 k = 100 num_cand = 5000
Recall = 97.7103%	Ratio = 0
Time = 5778.13 us 	 QPS = 173.066 query/s
------------------------------------------------
nprobe = 10 k = 100 num_cand = 4000
Recall = 84.9564%	Ratio = 0
Time = 1369.83 us 	 QPS = 730.017 query/s
------------------------------------------------
nprobe = 40 k = 100 num_cand = 4000
Recall = 95.119%	Ratio = 0
Time = 2113.26 us 	 QPS = 473.202 query/s
------------------------------------------------
nprobe = 70 k = 100 num_cand = 4000
Recall = 96.3679%	Ratio = 0
Time = 2706.6 us 	 QPS = 369.467 query/s
------------------------------------------------
nprobe = 100 k = 100 num_cand = 4000
Recall = 96.7506%	Ratio = 0
Time = 3278.85 us 	 QPS = 304.985 query/s
------------------------------------------------
nprobe = 130 k = 100 num_cand = 4000
Recall = 96.9125%	Ratio = 0
Time = 3840.28 us 	 QPS = 260.397 query/s
------------------------------------------------
nprobe = 160 k = 100 num_cand = 4000
Recall = 96.991%	Ratio = 0
Time = 4394.44 us 	 QPS = 227.56 query/s
------------------------------------------------
nprobe = 190 k = 100 num_cand = 4000
Recall = 97.0324%	Ratio = 0
Time = 4944.91 us 	 QPS = 202.228 query/s
------------------------------------------------
nprobe = 10 k = 100 num_cand = 3000
Recall = 84.3892%	Ratio = 0
Time = 1257.53 us 	 QPS = 795.209 query/s
------------------------------------------------
nprobe = 40 k = 100 num_cand = 3000
Recall = 94.0739%	Ratio = 0
Time = 1969.74 us 	 QPS = 507.682 query/s
------------------------------------------------
nprobe = 70 k = 100 num_cand = 3000
Recall = 95.2148%	Ratio = 0
Time = 2555.33 us 	 QPS = 391.339 query/s
------------------------------------------------
nprobe = 100 k = 100 num_cand = 3000
Recall = 95.5606%	Ratio = 0
Time = 3120.14 us 	 QPS = 320.498 query/s
------------------------------------------------
nprobe = 130 k = 100 num_cand = 3000
Recall = 95.7004%	Ratio = 0
Time = 3673.08 us 	 QPS = 272.251 query/s
------------------------------------------------
nprobe = 160 k = 100 num_cand = 3000
Recall = 95.7662%	Ratio = 0
Time = 4224.02 us 	 QPS = 236.741 query/s
------------------------------------------------
nprobe = 190 k = 100 num_cand = 3000
Recall = 95.8028%	Ratio = 0
Time = 4766.65 us 	 QPS = 209.791 query/s
------------------------------------------------
nprobe = 220 k = 100 num_cand = 3000
Recall = 95.5861%	Ratio = 0
Time = 5378.67 us 	 QPS = 185.92 query/s
------------------------------------------------
nprobe = 10 k = 40000 num_cand = 400000
Recall = 58.7402%	Ratio = 0
Time = 10621 us 	 QPS = 94.1529 query/s
------------------------------------------------
nprobe = 40 k = 40000 num_cand = 400000
Recall = 84.4873%	Ratio = 0
Time = 29952.4 us 	 QPS = 33.3863 query/s
------------------------------------------------
nprobe = 70 k = 40000 num_cand = 400000
Recall = 90.9272%	Ratio = 0
Time = 33161.4 us 	 QPS = 30.1556 query/s
------------------------------------------------
nprobe = 100 k = 40000 num_cand = 400000
Recall = 93.7679%	Ratio = 0
Time = 34477.7 us 	 QPS = 29.0042 query/s
------------------------------------------------
nprobe = 130 k = 40000 num_cand = 400000
Recall = 95.3005%	Ratio = 0
Time = 35424.2 us 	 QPS = 28.2293 query/s
------------------------------------------------
nprobe = 10 k = 20000 num_cand = 240000
Recall = 6.48004%	Ratio = 0
Time = 1091.87 us 	 QPS = 915.859 query/s
------------------------------------------------
nprobe = 40 k = 20000 num_cand = 240000
Recall = 8.77529%	Ratio = 0
Time = 1935.75 us 	 QPS = 516.595 query/s
------------------------------------------------
nprobe = 70 k = 20000 num_cand = 240000
Recall = 9.29739%	Ratio = 0
Time = 2084.85 us 	 QPS = 479.651 query/s
------------------------------------------------
nprobe = 100 k = 20000 num_cand = 240000
Recall = 9.5192%	Ratio = 0
Time = 2179.61 us 	 QPS = 458.798 query/s
------------------------------------------------
nprobe = 130 k = 20000 num_cand = 240000
Recall = 9.63502%	Ratio = 0
Time = 2250.77 us 	 QPS = 444.292 query/s
------------------------------------------------
nprobe = 160 k = 20000 num_cand = 240000
Recall = 9.70305%	Ratio = 0
Time = 2310.38 us 	 QPS = 432.829 query/s
------------------------------------------------
nprobe = 190 k = 20000 num_cand = 240000
Recall = 9.7449%	Ratio = 0
Time = 2365.32 us 	 QPS = 422.776 query/s
------------------------------------------------
nprobe = 220 k = 20000 num_cand = 240000
Recall = 9.77447%	Ratio = 0
Time = 2390.75 us 	 QPS = 418.278 query/s
------------------------------------------------
nprobe = 250 k = 20000 num_cand = 240000
Recall = 9.79438%	Ratio = 0
Time = 2440.66 us 	 QPS = 409.726 query/s
------------------------------------------------
nprobe = 280 k = 20000 num_cand = 240000
Recall = 9.80951%	Ratio = 0
Time = 2489.07 us 	 QPS = 401.756 query/s
------------------------------------------------
nprobe = 10 k = 10000 num_cand = 120000
Recall = 6.9463%	Ratio = 0
Time = 829.719 us 	 QPS = 1205.23 query/s
------------------------------------------------
nprobe = 40 k = 10000 num_cand = 120000
Recall = 8.98155%	Ratio = 0
Time = 1093.66 us 	 QPS = 914.36 query/s
------------------------------------------------
nprobe = 70 k = 10000 num_cand = 120000
Recall = 9.39362%	Ratio = 0
Time = 1192.47 us 	 QPS = 838.597 query/s
------------------------------------------------
nprobe = 100 k = 10000 num_cand = 120000
Recall = 9.55846%	Ratio = 0
Time = 1261.5 us 	 QPS = 792.709 query/s
------------------------------------------------
nprobe = 130 k = 10000 num_cand = 120000
Recall = 9.64121%	Ratio = 0
Time = 1323.71 us 	 QPS = 755.455 query/s
------------------------------------------------
nprobe = 160 k = 10000 num_cand = 120000
Recall = 9.68841%	Ratio = 0
Time = 1378.03 us 	 QPS = 725.673 query/s
------------------------------------------------
nprobe = 190 k = 10000 num_cand = 120000
Recall = 9.71649%	Ratio = 0
Time = 1429.34 us 	 QPS = 699.626 query/s
------------------------------------------------
nprobe = 220 k = 10000 num_cand = 120000
Recall = 9.73515%	Ratio = 0
Time = 1482.52 us 	 QPS = 674.526 query/s
------------------------------------------------
nprobe = 250 k = 10000 num_cand = 120000
Recall = 9.74797%	Ratio = 0
Time = 1533.54 us 	 QPS = 652.088 query/s
------------------------------------------------
nprobe = 280 k = 10000 num_cand = 120000
Recall = 9.75755%	Ratio = 0
Time = 1581.17 us 	 QPS = 632.442 query/s
------------------------------------------------
nprobe = 10 k = 5000 num_cand = 100000
Recall = 7.3275%	Ratio = 0
Time = 731.282 us 	 QPS = 1367.46 query/s
------------------------------------------------
nprobe = 40 k = 5000 num_cand = 100000
Recall = 9.18441%	Ratio = 0
Time = 950.586 us 	 QPS = 1051.98 query/s
------------------------------------------------
nprobe = 70 k = 5000 num_cand = 100000
Recall = 9.54589%	Ratio = 0
Time = 1038.27 us 	 QPS = 963.142 query/s
------------------------------------------------
nprobe = 100 k = 5000 num_cand = 100000
Recall = 9.68946%	Ratio = 0
Time = 1107.79 us 	 QPS = 902.699 query/s
------------------------------------------------
nprobe = 130 k = 5000 num_cand = 100000
Recall = 9.76056%	Ratio = 0
Time = 1164.39 us 	 QPS = 858.815 query/s
------------------------------------------------
nprobe = 160 k = 5000 num_cand = 100000
Recall = 9.80088%	Ratio = 0
Time = 1216.41 us 	 QPS = 822.094 query/s
------------------------------------------------
nprobe = 190 k = 5000 num_cand = 100000
Recall = 9.82442%	Ratio = 0
Time = 1266.19 us 	 QPS = 789.77 query/s
------------------------------------------------
nprobe = 220 k = 5000 num_cand = 100000
Recall = 9.84006%	Ratio = 0
Time = 1318.62 us 	 QPS = 758.37 query/s
------------------------------------------------
nprobe = 250 k = 5000 num_cand = 100000
Recall = 9.85105%	Ratio = 0
Time = 1368.05 us 	 QPS = 730.968 query/s
------------------------------------------------
nprobe = 10 k = 500 num_cand = 20000
Recall = 81.5889%	Ratio = 0
Time = 2144.8 us 	 QPS = 466.245 query/s
------------------------------------------------
nprobe = 50 k = 500 num_cand = 20000
Recall = 95.9433%	Ratio = 0
Time = 3238.49 us 	 QPS = 308.786 query/s
------------------------------------------------
nprobe = 90 k = 500 num_cand = 20000
Recall = 97.5031%	Ratio = 0
Time = 4020.43 us 	 QPS = 248.73 query/s
------------------------------------------------
nprobe = 130 k = 500 num_cand = 20000
Recall = 97.992%	Ratio = 0
Time = 4688.23 us 	 QPS = 213.3 query/s
------------------------------------------------
nprobe = 170 k = 500 num_cand = 20000
Recall = 98.1979%	Ratio = 0
Time = 5403.85 us 	 QPS = 185.053 query/s
------------------------------------------------
nprobe = 210 k = 500 num_cand = 20000
Recall = 98.2981%	Ratio = 0
Time = 6307.49 us 	 QPS = 158.542 query/s
------------------------------------------------
nprobe = 250 k = 500 num_cand = 20000
Recall = 98.3532%	Ratio = 0
Time = 7014.7 us 	 QPS = 142.558 query/s
------------------------------------------------
nprobe = 290 k = 500 num_cand = 20000
Recall = 98.3863%	Ratio = 0
Time = 7719.34 us 	 QPS = 129.545 query/s
------------------------------------------------
nprobe = 330 k = 500 num_cand = 20000
Recall = 98.406%	Ratio = 0
Time = 8572.44 us 	 QPS = 116.653 query/s
------------------------------------------------
nprobe = 370 k = 500 num_cand = 20000
Recall = 98.4186%	Ratio = 0
Time = 9273.04 us 	 QPS = 107.84 query/s
