------------------------------------------------
nprobe = 100 k = 5000 num_cand = 50000
Recall = 81.91%	Ratio = 0
Time = 21163.4 us 	 QPS = 47.2514 query/s
------------------------------------------------
nprobe = 200 k = 5000 num_cand = 50000
Recall = 90.5215%	Ratio = 0
Time = 25016.4 us 	 QPS = 39.9738 query/s
------------------------------------------------
nprobe = 300 k = 5000 num_cand = 50000
Recall = 93.4749%	Ratio = 0
Time = 28251.5 us 	 QPS = 35.3963 query/s
------------------------------------------------
nprobe = 400 k = 5000 num_cand = 50000
Recall = 95.1791%	Ratio = 0
Time = 31659.4 us 	 QPS = 31.5862 query/s
------------------------------------------------
nprobe = 500 k = 5000 num_cand = 50000
Recall = 95.9622%	Ratio = 0
Time = 35013.9 us 	 QPS = 28.5601 query/s
------------------------------------------------
nprobe = 600 k = 5000 num_cand = 50000
Recall = 96.285%	Ratio = 0
Time = 38300.4 us 	 QPS = 26.1094 query/s
------------------------------------------------
nprobe = 700 k = 5000 num_cand = 50000
Recall = 96.5675%	Ratio = 0
Time = 41570.5 us 	 QPS = 24.0555 query/s
------------------------------------------------
nprobe = 800 k = 5000 num_cand = 50000
Recall = 96.6901%	Ratio = 0
Time = 44809.1 us 	 QPS = 22.3169 query/s
------------------------------------------------
nprobe = 900 k = 5000 num_cand = 50000
Recall = 96.7382%	Ratio = 0
Time = 48000.2 us 	 QPS = 20.8333 query/s
------------------------------------------------
nprobe = 100 k = 10000 num_cand = 80000
Recall = 73.4128%	Ratio = 0
Time = 29522.6 us 	 QPS = 33.8724 query/s
------------------------------------------------
nprobe = 200 k = 10000 num_cand = 80000
Recall = 85.6906%	Ratio = 0
Time = 33454.9 us 	 QPS = 29.891 query/s
------------------------------------------------
nprobe = 300 k = 10000 num_cand = 80000
Recall = 90.5253%	Ratio = 0
Time = 36870.6 us 	 QPS = 27.1219 query/s
------------------------------------------------
nprobe = 400 k = 10000 num_cand = 80000
Recall = 93.2182%	Ratio = 0
Time = 40055 us 	 QPS = 24.9657 query/s
------------------------------------------------
nprobe = 500 k = 10000 num_cand = 80000
Recall = 94.7518%	Ratio = 0
Time = 43253.7 us 	 QPS = 23.1194 query/s
------------------------------------------------
nprobe = 600 k = 10000 num_cand = 80000
Recall = 95.5113%	Ratio = 0
Time = 46390.4 us 	 QPS = 21.5562 query/s
------------------------------------------------
nprobe = 700 k = 10000 num_cand = 80000
Recall = 95.972%	Ratio = 0
Time = 49513.4 us 	 QPS = 20.1966 query/s
------------------------------------------------
nprobe = 800 k = 10000 num_cand = 80000
Recall = 96.1926%	Ratio = 0
Time = 52661.6 us 	 QPS = 18.9892 query/s
------------------------------------------------
nprobe = 900 k = 10000 num_cand = 80000
Recall = 96.405%	Ratio = 0
Time = 55775.4 us 	 QPS = 17.929 query/s
------------------------------------------------
nprobe = 200 k = 20000 num_cand = 120000
Recall = 78.7882%	Ratio = 0
Time = 45478.8 us 	 QPS = 21.9883 query/s
------------------------------------------------
nprobe = 300 k = 20000 num_cand = 120000
Recall = 85.3399%	Ratio = 0
Time = 49140.8 us 	 QPS = 20.3497 query/s
------------------------------------------------
nprobe = 400 k = 20000 num_cand = 120000
Recall = 89.366%	Ratio = 0
Time = 52364.1 us 	 QPS = 19.0971 query/s
------------------------------------------------
nprobe = 500 k = 20000 num_cand = 120000
Recall = 91.6292%	Ratio = 0
Time = 55433.3 us 	 QPS = 18.0397 query/s
------------------------------------------------
nprobe = 600 k = 20000 num_cand = 120000
Recall = 93.0322%	Ratio = 0
Time = 58487 us 	 QPS = 17.0978 query/s
------------------------------------------------
nprobe = 700 k = 20000 num_cand = 120000
Recall = 93.9752%	Ratio = 0
Time = 61462.6 us 	 QPS = 16.2701 query/s
------------------------------------------------
nprobe = 800 k = 20000 num_cand = 120000
Recall = 94.7054%	Ratio = 0
Time = 64529.6 us 	 QPS = 15.4968 query/s
------------------------------------------------
nprobe = 900 k = 20000 num_cand = 120000
Recall = 95.1262%	Ratio = 0
Time = 67788.6 us 	 QPS = 14.7517 query/s
------------------------------------------------
nprobe = 1000 k = 20000 num_cand = 120000
Recall = 95.3677%	Ratio = 0
Time = 70319.8 us 	 QPS = 14.2207 query/s
------------------------------------------------
nprobe = 1100 k = 20000 num_cand = 120000
Recall = 95.5153%	Ratio = 0
Time = 73275.3 us 	 QPS = 13.6472 query/s
------------------------------------------------
nprobe = 1200 k = 20000 num_cand = 120000
Recall = 95.5759%	Ratio = 0
Time = 76287.4 us 	 QPS = 13.1083 query/s
------------------------------------------------
nprobe = 1300 k = 20000 num_cand = 120000
Recall = 95.5827%	Ratio = 0
Time = 79354.2 us 	 QPS = 12.6017 query/s
------------------------------------------------
nprobe = 200 k = 40000 num_cand = 240000
Recall = 70.6533%	Ratio = 0
Time = 79498.8 us 	 QPS = 12.5788 query/s
------------------------------------------------
nprobe = 400 k = 40000 num_cand = 240000
Recall = 84.5114%	Ratio = 0
Time = 88366.8 us 	 QPS = 11.3165 query/s
------------------------------------------------
nprobe = 600 k = 40000 num_cand = 240000
Recall = 90.3183%	Ratio = 0
Time = 94979.2 us 	 QPS = 10.5286 query/s
------------------------------------------------
nprobe = 800 k = 40000 num_cand = 240000
Recall = 93.777%	Ratio = 0
Time = 100644 us 	 QPS = 9.93606 query/s
------------------------------------------------
nprobe = 1000 k = 40000 num_cand = 240000
Recall = 95.5778%	Ratio = 0
Time = 106268 us 	 QPS = 9.41021 query/s
------------------------------------------------
nprobe = 1200 k = 40000 num_cand = 240000
Recall = 96.5659%	Ratio = 0
Time = 111916 us 	 QPS = 8.9353 query/s
------------------------------------------------
nprobe = 1400 k = 40000 num_cand = 240000
Recall = 97.0597%	Ratio = 0
Time = 117554 us 	 QPS = 8.50677 query/s
------------------------------------------------
nprobe = 1600 k = 40000 num_cand = 240000
Recall = 97.2538%	Ratio = 0
Time = 123445 us 	 QPS = 8.10076 query/s
------------------------------------------------
nprobe = 200 k = 40000 num_cand = 240000
Recall = 70.6533%	Ratio = 0
Time = 79258 us 	 QPS = 12.617 query/s
------------------------------------------------
nprobe = 400 k = 40000 num_cand = 240000
Recall = 84.5114%	Ratio = 0
Time = 87809.7 us 	 QPS = 11.3883 query/s
------------------------------------------------
nprobe = 600 k = 40000 num_cand = 240000
Recall = 90.3183%	Ratio = 0
Time = 94495.2 us 	 QPS = 10.5825 query/s
------------------------------------------------
nprobe = 800 k = 40000 num_cand = 240000
Recall = 93.777%	Ratio = 0
Time = 100192 us 	 QPS = 9.98085 query/s
------------------------------------------------
nprobe = 1000 k = 40000 num_cand = 240000
Recall = 95.5778%	Ratio = 0
Time = 105877 us 	 QPS = 9.44495 query/s
------------------------------------------------
nprobe = 1200 k = 40000 num_cand = 240000
Recall = 96.5659%	Ratio = 0
Time = 111598 us 	 QPS = 8.96071 query/s
------------------------------------------------
nprobe = 1400 k = 40000 num_cand = 240000
Recall = 97.0597%	Ratio = 0
Time = 117311 us 	 QPS = 8.52432 query/s
------------------------------------------------
nprobe = 1600 k = 40000 num_cand = 240000
Recall = 97.2538%	Ratio = 0
Time = 123067 us 	 QPS = 8.12564 query/s
------------------------------------------------
nprobe = 10 k = 100 num_cand = 3000
Recall = 84.365%	Ratio = 0
Time = 2650.48 us 	 QPS = 377.29 query/s
------------------------------------------------
nprobe = 40 k = 100 num_cand = 3000
Recall = 93.871%	Ratio = 0
Time = 4508.71 us 	 QPS = 221.793 query/s
------------------------------------------------
nprobe = 70 k = 100 num_cand = 3000
Recall = 96.094%	Ratio = 0
Time = 5918.95 us 	 QPS = 168.949 query/s
------------------------------------------------
nprobe = 100 k = 100 num_cand = 3000
Recall = 97.248%	Ratio = 0
Time = 7420.9 us 	 QPS = 134.755 query/s
------------------------------------------------
nprobe = 130 k = 100 num_cand = 3000
Recall = 97.747%	Ratio = 0
Time = 8547.52 us 	 QPS = 116.993 query/s
------------------------------------------------
nprobe = 160 k = 100 num_cand = 3000
Recall = 98.076%	Ratio = 0
Time = 9644.32 us 	 QPS = 103.688 query/s
------------------------------------------------
nprobe = 190 k = 100 num_cand = 3000
Recall = 98.316%	Ratio = 0
Time = 10749.4 us 	 QPS = 93.0286 query/s
------------------------------------------------
nprobe = 220 k = 100 num_cand = 3000
Recall = 98.401%	Ratio = 0
Time = 11655.2 us 	 QPS = 85.7984 query/s
------------------------------------------------
nprobe = 10 k = 5000 num_cand = 60000
Recall = 51.2382%	Ratio = 0
Time = 13183.9 us 	 QPS = 75.8499 query/s
------------------------------------------------
nprobe = 40 k = 5000 num_cand = 60000
Recall = 71.3284%	Ratio = 0
Time = 19592.3 us 	 QPS = 51.0405 query/s
------------------------------------------------
nprobe = 10 k = 5000 num_cand = 70000
Recall = 51.2401%	Ratio = 0
Time = 13436.9 us 	 QPS = 74.4218 query/s
------------------------------------------------
nprobe = 110 k = 5000 num_cand = 70000
Recall = 84.6151%	Ratio = 0
Time = 26177.1 us 	 QPS = 38.2014 query/s
------------------------------------------------
nprobe = 210 k = 5000 num_cand = 70000
Recall = 91.559%	Ratio = 0
Time = 30732.1 us 	 QPS = 32.5393 query/s
------------------------------------------------
nprobe = 310 k = 5000 num_cand = 70000
Recall = 94.3669%	Ratio = 0
Time = 34398.5 us 	 QPS = 29.0711 query/s
------------------------------------------------
nprobe = 410 k = 5000 num_cand = 70000
Recall = 96.1732%	Ratio = 0
Time = 37457.7 us 	 QPS = 26.6968 query/s
------------------------------------------------
nprobe = 510 k = 5000 num_cand = 70000
Recall = 97.088%	Ratio = 0
Time = 40730.6 us 	 QPS = 24.5515 query/s
------------------------------------------------
nprobe = 610 k = 5000 num_cand = 70000
Recall = 97.5182%	Ratio = 0
Time = 43917.2 us 	 QPS = 22.7701 query/s
------------------------------------------------
nprobe = 710 k = 5000 num_cand = 70000
Recall = 97.8526%	Ratio = 0
Time = 47105.2 us 	 QPS = 21.2291 query/s
------------------------------------------------
nprobe = 810 k = 5000 num_cand = 70000
Recall = 98.0486%	Ratio = 0
Time = 50250.7 us 	 QPS = 19.9002 query/s
------------------------------------------------
nprobe = 100 k = 10000 num_cand = 100000
Recall = 76.3024%	Ratio = 0
Time = 33981 us 	 QPS = 29.4282 query/s
------------------------------------------------
nprobe = 200 k = 10000 num_cand = 100000
Recall = 86.7607%	Ratio = 0
Time = 40247.3 us 	 QPS = 24.8464 query/s
------------------------------------------------
nprobe = 300 k = 10000 num_cand = 100000
Recall = 91.2799%	Ratio = 0
Time = 43858.1 us 	 QPS = 22.8008 query/s
------------------------------------------------
nprobe = 400 k = 10000 num_cand = 100000
Recall = 93.988%	Ratio = 0
Time = 46821.4 us 	 QPS = 21.3578 query/s
------------------------------------------------
nprobe = 500 k = 10000 num_cand = 100000
Recall = 95.585%	Ratio = 0
Time = 49865.4 us 	 QPS = 20.054 query/s
------------------------------------------------
nprobe = 600 k = 10000 num_cand = 100000
Recall = 96.4412%	Ratio = 0
Time = 52595 us 	 QPS = 19.0132 query/s
------------------------------------------------
nprobe = 700 k = 10000 num_cand = 100000
Recall = 97.0122%	Ratio = 0
Time = 55736.5 us 	 QPS = 17.9416 query/s
------------------------------------------------
nprobe = 800 k = 10000 num_cand = 100000
Recall = 97.3972%	Ratio = 0
Time = 58820.4 us 	 QPS = 17.0009 query/s
------------------------------------------------
nprobe = 900 k = 10000 num_cand = 100000
Recall = 97.6466%	Ratio = 0
Time = 61983.8 us 	 QPS = 16.1332 query/s
------------------------------------------------
nprobe = 1000 k = 10000 num_cand = 100000
Recall = 97.8006%	Ratio = 0
Time = 65141.7 us 	 QPS = 15.3511 query/s
------------------------------------------------
nprobe = 100 k = 20000 num_cand = 180000
Recall = 68.2085%	Ratio = 0
Time = 53108.1 us 	 QPS = 18.8295 query/s
------------------------------------------------
nprobe = 300 k = 20000 num_cand = 180000
Recall = 86.9946%	Ratio = 0
Time = 68086.6 us 	 QPS = 14.6872 query/s
------------------------------------------------
nprobe = 500 k = 20000 num_cand = 180000
Recall = 93.2413%	Ratio = 0
Time = 73921.9 us 	 QPS = 13.5278 query/s
------------------------------------------------
nprobe = 700 k = 20000 num_cand = 180000
Recall = 95.8336%	Ratio = 0
Time = 79527.7 us 	 QPS = 12.5742 query/s
------------------------------------------------
nprobe = 900 k = 20000 num_cand = 180000
Recall = 97.3791%	Ratio = 0
Time = 85317.6 us 	 QPS = 11.7209 query/s
------------------------------------------------
nprobe = 1100 k = 20000 num_cand = 180000
Recall = 98.0263%	Ratio = 0
Time = 91256.4 us 	 QPS = 10.9581 query/s
------------------------------------------------
nprobe = 200 k = 40000 num_cand = 280000
Recall = 73.3461%	Ratio = 0
Time = 86681.3 us 	 QPS = 11.5365 query/s
------------------------------------------------
nprobe = 400 k = 40000 num_cand = 280000
Recall = 86.045%	Ratio = 0
Time = 101043 us 	 QPS = 9.89682 query/s
------------------------------------------------
nprobe = 600 k = 40000 num_cand = 280000
Recall = 91.5171%	Ratio = 0
Time = 106897 us 	 QPS = 9.35476 query/s
------------------------------------------------
nprobe = 800 k = 40000 num_cand = 280000
Recall = 94.7712%	Ratio = 0
Time = 111735 us 	 QPS = 8.94974 query/s
------------------------------------------------
nprobe = 1000 k = 40000 num_cand = 280000
Recall = 96.5242%	Ratio = 0
Time = 116899 us 	 QPS = 8.55443 query/s
------------------------------------------------
nprobe = 1200 k = 40000 num_cand = 280000
Recall = 97.5276%	Ratio = 0
Time = 122214 us 	 QPS = 8.1824 query/s
------------------------------------------------
nprobe = 1400 k = 40000 num_cand = 280000
Recall = 98.0628%	Ratio = 0
Time = 128191 us 	 QPS = 7.80087 query/s
------------------------------------------------
nprobe = 1600 k = 100000 num_cand = 280000
Recall = 90.5941%	Ratio = 0
Time = 135283 us 	 QPS = 7.39192 query/s
------------------------------------------------
nprobe = 1600 k = 100000 num_cand = 600000
Recall = 97.9508%	Ratio = 0
Time = 229469 us 	 QPS = 4.35789 query/s
------------------------------------------------
nprobe = 200 k = 100000 num_cand = 600000
Recall = 62.3011%	Ratio = 0
Time = 157579 us 	 QPS = 6.34604 query/s
------------------------------------------------
nprobe = 400 k = 100000 num_cand = 600000
Recall = 77.2755%	Ratio = 0
Time = 196934 us 	 QPS = 5.07783 query/s
------------------------------------------------
nprobe = 600 k = 100000 num_cand = 600000
Recall = 85.1883%	Ratio = 0
Time = 213303 us 	 QPS = 4.68816 query/s
------------------------------------------------
nprobe = 800 k = 100000 num_cand = 600000
Recall = 90.4046%	Ratio = 0
Time = 220262 us 	 QPS = 4.54004 query/s
------------------------------------------------
nprobe = 1000 k = 100000 num_cand = 600000
Recall = 93.7559%	Ratio = 0
Time = 224763 us 	 QPS = 4.44913 query/s
------------------------------------------------
nprobe = 1200 k = 100000 num_cand = 600000
Recall = 95.7985%	Ratio = 0
Time = 229884 us 	 QPS = 4.35001 query/s
------------------------------------------------
nprobe = 1400 k = 100000 num_cand = 600000
Recall = 97.1367%	Ratio = 0
Time = 232648 us 	 QPS = 4.29835 query/s
------------------------------------------------
nprobe = 10 k = 500 num_cand = 20000
Recall = 75.1248%	Ratio = 0
Time = 6454.5 us 	 QPS = 154.931 query/s
------------------------------------------------
nprobe = 50 k = 500 num_cand = 20000
Recall = 90.5374%	Ratio = 0
Time = 8645.84 us 	 QPS = 115.663 query/s
------------------------------------------------
nprobe = 90 k = 500 num_cand = 20000
Recall = 94.3102%	Ratio = 0
Time = 10185.4 us 	 QPS = 98.1799 query/s
------------------------------------------------
nprobe = 130 k = 500 num_cand = 20000
Recall = 95.9822%	Ratio = 0
Time = 11602 us 	 QPS = 86.1924 query/s
------------------------------------------------
nprobe = 170 k = 500 num_cand = 20000
Recall = 96.903%	Ratio = 0
Time = 12971.6 us 	 QPS = 77.0913 query/s
------------------------------------------------
nprobe = 210 k = 500 num_cand = 20000
Recall = 97.4914%	Ratio = 0
Time = 14411.2 us 	 QPS = 69.3905 query/s
------------------------------------------------
nprobe = 250 k = 500 num_cand = 20000
Recall = 97.8452%	Ratio = 0
Time = 15777 us 	 QPS = 63.3836 query/s
------------------------------------------------
nprobe = 290 k = 500 num_cand = 20000
Recall = 98.0682%	Ratio = 0
Time = 17146.1 us 	 QPS = 58.3221 query/s
------------------------------------------------
nprobe = 330 k = 500 num_cand = 20000
Recall = 98.1922%	Ratio = 0
Time = 18548.4 us 	 QPS = 53.913 query/s
------------------------------------------------
nprobe = 370 k = 500 num_cand = 20000
Recall = 98.3806%	Ratio = 0
Time = 19866 us 	 QPS = 50.3371 query/s
