------------------------------------------------
nprobe = 0 k = 5000 num_cand = 50000
Recall = 0%	Ratio = 0
Time = 2220.15 us 	 QPS = 450.42 query/s
------------------------------------------------
nprobe = 100 k = 5000 num_cand = 50000
Recall = 83.8783%	Ratio = 0
Time = 19835.9 us 	 QPS = 50.4137 query/s
------------------------------------------------
nprobe = 200 k = 5000 num_cand = 50000
Recall = 91.2423%	Ratio = 0
Time = 22879.3 us 	 QPS = 43.7076 query/s
------------------------------------------------
nprobe = 300 k = 5000 num_cand = 50000
Recall = 94.0167%	Ratio = 0
Time = 26242 us 	 QPS = 38.1068 query/s
------------------------------------------------
nprobe = 400 k = 5000 num_cand = 50000
Recall = 95.3796%	Ratio = 0
Time = 29055.6 us 	 QPS = 34.4168 query/s
------------------------------------------------
nprobe = 500 k = 5000 num_cand = 50000
Recall = 96.145%	Ratio = 0
Time = 32082.8 us 	 QPS = 31.1693 query/s
------------------------------------------------
nprobe = 600 k = 5000 num_cand = 50000
Recall = 96.6003%	Ratio = 0
Time = 35214.8 us 	 QPS = 28.3971 query/s
------------------------------------------------
nprobe = 700 k = 5000 num_cand = 50000
Recall = 96.9029%	Ratio = 0
Time = 38145.1 us 	 QPS = 26.2157 query/s
------------------------------------------------
nprobe = 100 k = 10000 num_cand = 80000
Recall = 78.4288%	Ratio = 0
Time = 28363.6 us 	 QPS = 35.2565 query/s
------------------------------------------------
nprobe = 200 k = 10000 num_cand = 80000
Recall = 87.9101%	Ratio = 0
Time = 32560.5 us 	 QPS = 30.7121 query/s
------------------------------------------------
nprobe = 300 k = 10000 num_cand = 80000
Recall = 91.7073%	Ratio = 0
Time = 35849.3 us 	 QPS = 27.8945 query/s
------------------------------------------------
nprobe = 400 k = 10000 num_cand = 80000
Recall = 93.6598%	Ratio = 0
Time = 38909.8 us 	 QPS = 25.7005 query/s
------------------------------------------------
nprobe = 500 k = 10000 num_cand = 80000
Recall = 94.7687%	Ratio = 0
Time = 41897.3 us 	 QPS = 23.8679 query/s
------------------------------------------------
nprobe = 600 k = 10000 num_cand = 80000
Recall = 95.4907%	Ratio = 0
Time = 44858.7 us 	 QPS = 22.2922 query/s
------------------------------------------------
nprobe = 700 k = 10000 num_cand = 80000
Recall = 95.9427%	Ratio = 0
Time = 47812 us 	 QPS = 20.9153 query/s
------------------------------------------------
nprobe = 800 k = 10000 num_cand = 80000
Recall = 96.1828%	Ratio = 0
Time = 50825 us 	 QPS = 19.6754 query/s
------------------------------------------------
nprobe = 900 k = 10000 num_cand = 80000
Recall = 96.4582%	Ratio = 0
Time = 53717.4 us 	 QPS = 18.616 query/s
------------------------------------------------
nprobe = 1000 k = 10000 num_cand = 80000
Recall = 96.617%	Ratio = 0
Time = 56614.2 us 	 QPS = 17.6634 query/s
------------------------------------------------
nprobe = 1100 k = 10000 num_cand = 80000
Recall = 96.6778%	Ratio = 0
Time = 58871.9 us 	 QPS = 16.986 query/s
------------------------------------------------
nprobe = 100 k = 20000 num_cand = 120000
Recall = 71.1063%	Ratio = 0
Time = 38981.2 us 	 QPS = 25.6534 query/s
------------------------------------------------
nprobe = 200 k = 20000 num_cand = 120000
Recall = 82.9283%	Ratio = 0
Time = 44303.9 us 	 QPS = 22.5714 query/s
------------------------------------------------
nprobe = 300 k = 20000 num_cand = 120000
Recall = 87.9619%	Ratio = 0
Time = 48220.2 us 	 QPS = 20.7382 query/s
------------------------------------------------
nprobe = 400 k = 20000 num_cand = 120000
Recall = 90.6398%	Ratio = 0
Time = 51882.6 us 	 QPS = 19.2743 query/s
------------------------------------------------
nprobe = 500 k = 20000 num_cand = 120000
Recall = 92.229%	Ratio = 0
Time = 54097.1 us 	 QPS = 18.4853 query/s
------------------------------------------------
nprobe = 600 k = 20000 num_cand = 120000
Recall = 93.2609%	Ratio = 0
Time = 56935.3 us 	 QPS = 17.5638 query/s
------------------------------------------------
nprobe = 700 k = 20000 num_cand = 120000
Recall = 93.9301%	Ratio = 0
Time = 59789.7 us 	 QPS = 16.7253 query/s
------------------------------------------------
nprobe = 800 k = 20000 num_cand = 120000
Recall = 94.4044%	Ratio = 0
Time = 62941.6 us 	 QPS = 15.8877 query/s
------------------------------------------------
nprobe = 900 k = 20000 num_cand = 120000
Recall = 94.742%	Ratio = 0
Time = 65809.3 us 	 QPS = 15.1954 query/s
------------------------------------------------
nprobe = 1000 k = 20000 num_cand = 120000
Recall = 94.9633%	Ratio = 0
Time = 68612.8 us 	 QPS = 14.5745 query/s
------------------------------------------------
nprobe = 1100 k = 20000 num_cand = 120000
Recall = 95.1422%	Ratio = 0
Time = 71110 us 	 QPS = 14.0627 query/s
------------------------------------------------
nprobe = 1200 k = 20000 num_cand = 120000
Recall = 95.224%	Ratio = 0
Time = 74366.9 us 	 QPS = 13.4468 query/s
------------------------------------------------
nprobe = 1300 k = 20000 num_cand = 120000
Recall = 95.3359%	Ratio = 0
Time = 77157.4 us 	 QPS = 12.9605 query/s
------------------------------------------------
nprobe = 1400 k = 20000 num_cand = 120000
Recall = 95.3906%	Ratio = 0
Time = 80232 us 	 QPS = 12.4638 query/s
------------------------------------------------
nprobe = 200 k = 40000 num_cand = 240000
Recall = 77.0548%	Ratio = 0
Time = 77234.3 us 	 QPS = 12.9476 query/s
------------------------------------------------
nprobe = 400 k = 40000 num_cand = 240000
Recall = 87.861%	Ratio = 0
Time = 88565.2 us 	 QPS = 11.2911 query/s
------------------------------------------------
nprobe = 600 k = 40000 num_cand = 240000
Recall = 92.1376%	Ratio = 0
Time = 95718.6 us 	 QPS = 10.4473 query/s
------------------------------------------------
nprobe = 800 k = 40000 num_cand = 240000
Recall = 94.128%	Ratio = 0
Time = 101748 us 	 QPS = 9.82823 query/s
------------------------------------------------
nprobe = 1000 k = 40000 num_cand = 240000
Recall = 95.2187%	Ratio = 0
Time = 106861 us 	 QPS = 9.35792 query/s
------------------------------------------------
nprobe = 1200 k = 40000 num_cand = 240000
Recall = 95.8659%	Ratio = 0
Time = 112151 us 	 QPS = 8.91652 query/s
------------------------------------------------
nprobe = 1400 k = 40000 num_cand = 240000
Recall = 96.2224%	Ratio = 0
Time = 117476 us 	 QPS = 8.51236 query/s
------------------------------------------------
nprobe = 1600 k = 40000 num_cand = 240000
Recall = 96.4215%	Ratio = 0
Time = 122919 us 	 QPS = 8.13541 query/s
------------------------------------------------
nprobe = 1800 k = 40000 num_cand = 240000
Recall = 96.5494%	Ratio = 0
Time = 128514 us 	 QPS = 7.78125 query/s
------------------------------------------------
nprobe = 100 k = 5000 num_cand = 50000
Recall = 83.8783%	Ratio = 0
Time = 19329.8 us 	 QPS = 51.7335 query/s
------------------------------------------------
nprobe = 200 k = 5000 num_cand = 50000
Recall = 91.2423%	Ratio = 0
Time = 22858.8 us 	 QPS = 43.7469 query/s
------------------------------------------------
nprobe = 300 k = 5000 num_cand = 50000
Recall = 94.0167%	Ratio = 0
Time = 25965.5 us 	 QPS = 38.5126 query/s
------------------------------------------------
nprobe = 400 k = 5000 num_cand = 50000
Recall = 95.3796%	Ratio = 0
Time = 28961.7 us 	 QPS = 34.5284 query/s
------------------------------------------------
nprobe = 500 k = 5000 num_cand = 50000
Recall = 96.145%	Ratio = 0
Time = 31932.4 us 	 QPS = 31.3162 query/s
------------------------------------------------
nprobe = 600 k = 5000 num_cand = 50000
Recall = 96.6003%	Ratio = 0
Time = 34956.3 us 	 QPS = 28.6072 query/s
------------------------------------------------
nprobe = 700 k = 5000 num_cand = 50000
Recall = 96.9029%	Ratio = 0
Time = 37975.5 us 	 QPS = 26.3328 query/s
------------------------------------------------
nprobe = 800 k = 5000 num_cand = 50000
Recall = 97.1107%	Ratio = 0
Time = 40991.9 us 	 QPS = 24.3951 query/s
------------------------------------------------
nprobe = 900 k = 5000 num_cand = 50000
Recall = 97.2415%	Ratio = 0
Time = 43953.2 us 	 QPS = 22.7515 query/s
------------------------------------------------
nprobe = 200 k = 100000 num_cand = 500000
Recall = 67.326%	Ratio = 0
Time = 143363 us 	 QPS = 6.97532 query/s
------------------------------------------------
nprobe = 400 k = 100000 num_cand = 500000
Recall = 81.9361%	Ratio = 0
Time = 170623 us 	 QPS = 5.86088 query/s
------------------------------------------------
nprobe = 600 k = 100000 num_cand = 500000
Recall = 88.521%	Ratio = 0
Time = 181962 us 	 QPS = 5.49565 query/s
------------------------------------------------
nprobe = 800 k = 100000 num_cand = 500000
Recall = 91.8745%	Ratio = 0
Time = 187674 us 	 QPS = 5.3284 query/s
------------------------------------------------
nprobe = 1000 k = 100000 num_cand = 500000
Recall = 93.7876%	Ratio = 0
Time = 193666 us 	 QPS = 5.16353 query/s
------------------------------------------------
nprobe = 1200 k = 100000 num_cand = 500000
Recall = 94.9663%	Ratio = 0
Time = 199030 us 	 QPS = 5.02437 query/s
------------------------------------------------
nprobe = 1400 k = 100000 num_cand = 500000
Recall = 95.6757%	Ratio = 0
Time = 203520 us 	 QPS = 4.91352 query/s
------------------------------------------------
nprobe = 1600 k = 100000 num_cand = 500000
Recall = 96.1128%	Ratio = 0
Time = 208317 us 	 QPS = 4.80037 query/s
------------------------------------------------
nprobe = 1800 k = 100000 num_cand = 500000
Recall = 96.3866%	Ratio = 0
Time = 212833 us 	 QPS = 4.69852 query/s
------------------------------------------------
nprobe = 2000 k = 100000 num_cand = 500000
Recall = 96.5534%	Ratio = 0
Time = 217109 us 	 QPS = 4.60597 query/s
------------------------------------------------
nprobe = 1600 k = 100000 num_cand = 700000
Recall = 98.1163%	Ratio = 0
Time = 275468 us 	 QPS = 3.63019 query/s
------------------------------------------------
nprobe = 200 k = 100000 num_cand = 700000
Recall = 67.7119%	Ratio = 0
Time = 172928 us 	 QPS = 5.78275 query/s
------------------------------------------------
nprobe = 400 k = 100000 num_cand = 700000
Recall = 82.3448%	Ratio = 0
Time = 224590 us 	 QPS = 4.45256 query/s
------------------------------------------------
nprobe = 600 k = 100000 num_cand = 700000
Recall = 89.3672%	Ratio = 0
Time = 244255 us 	 QPS = 4.09408 query/s
------------------------------------------------
nprobe = 800 k = 100000 num_cand = 700000
Recall = 93.1244%	Ratio = 0
Time = 252082 us 	 QPS = 3.96697 query/s
------------------------------------------------
nprobe = 1000 k = 100000 num_cand = 700000
Recall = 95.3378%	Ratio = 0
Time = 260051 us 	 QPS = 3.8454 query/s
------------------------------------------------
nprobe = 1200 k = 100000 num_cand = 700000
Recall = 96.7242%	Ratio = 0
Time = 266010 us 	 QPS = 3.75926 query/s
------------------------------------------------
nprobe = 1400 k = 100000 num_cand = 700000
Recall = 97.5772%	Ratio = 0
Time = 270523 us 	 QPS = 3.69654 query/s
------------------------------------------------
nprobe = 200 k = 40000 num_cand = 240000
Recall = 78.1358%	Ratio = 0
Time = 80320.9 us 	 QPS = 12.4501 query/s
------------------------------------------------
nprobe = 400 k = 40000 num_cand = 240000
Recall = 88.5921%	Ratio = 0
Time = 90336.8 us 	 QPS = 11.0697 query/s
------------------------------------------------
nprobe = 600 k = 40000 num_cand = 240000
Recall = 92.5899%	Ratio = 0
Time = 96467.9 us 	 QPS = 10.3661 query/s
------------------------------------------------
nprobe = 800 k = 40000 num_cand = 240000
Recall = 94.5222%	Ratio = 0
Time = 101513 us 	 QPS = 9.85092 query/s
------------------------------------------------
nprobe = 1000 k = 40000 num_cand = 240000
Recall = 95.5666%	Ratio = 0
Time = 106701 us 	 QPS = 9.37196 query/s
------------------------------------------------
nprobe = 1200 k = 40000 num_cand = 240000
Recall = 96.1672%	Ratio = 0
Time = 112059 us 	 QPS = 8.92385 query/s
------------------------------------------------
nprobe = 1400 k = 40000 num_cand = 240000
Recall = 96.5175%	Ratio = 0
Time = 117333 us 	 QPS = 8.52273 query/s
------------------------------------------------
nprobe = 1600 k = 40000 num_cand = 240000
Recall = 96.7246%	Ratio = 0
Time = 122538 us 	 QPS = 8.16071 query/s
------------------------------------------------
nprobe = 1800 k = 40000 num_cand = 240000
Recall = 96.8485%	Ratio = 0
Time = 127640 us 	 QPS = 7.83451 query/s
------------------------------------------------
nprobe = 10 k = 100 num_cand = 3000
Recall = 74.493%	Ratio = 0
Time = 2536.33 us 	 QPS = 394.27 query/s
------------------------------------------------
nprobe = 40 k = 100 num_cand = 3000
Recall = 90.735%	Ratio = 0
Time = 4239.22 us 	 QPS = 235.893 query/s
------------------------------------------------
nprobe = 70 k = 100 num_cand = 3000
Recall = 94.624%	Ratio = 0
Time = 5449.76 us 	 QPS = 183.494 query/s
------------------------------------------------
nprobe = 100 k = 100 num_cand = 3000
Recall = 96.368%	Ratio = 0
Time = 6536.18 us 	 QPS = 152.995 query/s
------------------------------------------------
nprobe = 130 k = 100 num_cand = 3000
Recall = 97.303%	Ratio = 0
Time = 7617.08 us 	 QPS = 131.284 query/s
------------------------------------------------
nprobe = 160 k = 100 num_cand = 3000
Recall = 97.853%	Ratio = 0
Time = 8534.91 us 	 QPS = 117.166 query/s
------------------------------------------------
nprobe = 190 k = 100 num_cand = 3000
Recall = 98.206%	Ratio = 0
Time = 9495.98 us 	 QPS = 105.308 query/s
------------------------------------------------
nprobe = 220 k = 100 num_cand = 3000
Recall = 98.399%	Ratio = 0
Time = 10212.1 us 	 QPS = 97.9232 query/s
------------------------------------------------
nprobe = 100 k = 20000 num_cand = 180000
Recall = 7.28124%	Ratio = 0
Time = 5913.46 us 	 QPS = 169.106 query/s
------------------------------------------------
nprobe = 300 k = 20000 num_cand = 180000
Recall = 8.99561%	Ratio = 0
Time = 6824.41 us 	 QPS = 146.533 query/s
------------------------------------------------
nprobe = 500 k = 20000 num_cand = 180000
Recall = 9.46309%	Ratio = 0
Time = 7470.14 us 	 QPS = 133.866 query/s
------------------------------------------------
nprobe = 700 k = 20000 num_cand = 180000
Recall = 9.65875%	Ratio = 0
Time = 8050.04 us 	 QPS = 124.223 query/s
------------------------------------------------
nprobe = 900 k = 20000 num_cand = 180000
Recall = 9.75472%	Ratio = 0
Time = 8613.83 us 	 QPS = 116.092 query/s
------------------------------------------------
nprobe = 1100 k = 20000 num_cand = 180000
Recall = 9.80637%	Ratio = 0
Time = 9169.38 us 	 QPS = 109.059 query/s
------------------------------------------------
nprobe = 50 k = 5000 num_cand = 60000
Recall = 7.37878%	Ratio = 0
Time = 2067.54 us 	 QPS = 483.666 query/s
------------------------------------------------
nprobe = 250 k = 5000 num_cand = 60000
Recall = 9.35246%	Ratio = 0
Time = 2830.74 us 	 QPS = 353.264 query/s
------------------------------------------------
nprobe = 450 k = 5000 num_cand = 60000
Recall = 9.66472%	Ratio = 0
Time = 3420.04 us 	 QPS = 292.394 query/s
------------------------------------------------
nprobe = 650 k = 5000 num_cand = 60000
Recall = 9.76786%	Ratio = 0
Time = 4027.57 us 	 QPS = 248.289 query/s
------------------------------------------------
nprobe = 850 k = 5000 num_cand = 60000
Recall = 9.81458%	Ratio = 0
Time = 4641.25 us 	 QPS = 215.459 query/s
------------------------------------------------
nprobe = 1050 k = 5000 num_cand = 60000
Recall = 9.83616%	Ratio = 0
Time = 5257.53 us 	 QPS = 190.203 query/s
------------------------------------------------
nprobe = 100 k = 10000 num_cand = 100000
Recall = 7.91325%	Ratio = 0
Time = 3434.2 us 	 QPS = 291.189 query/s
------------------------------------------------
nprobe = 300 k = 10000 num_cand = 100000
Recall = 9.27039%	Ratio = 0
Time = 4286.74 us 	 QPS = 233.278 query/s
------------------------------------------------
nprobe = 500 k = 10000 num_cand = 100000
Recall = 9.5992%	Ratio = 0
Time = 4919.09 us 	 QPS = 203.29 query/s
------------------------------------------------
nprobe = 700 k = 10000 num_cand = 100000
Recall = 9.72453%	Ratio = 0
Time = 5546.32 us 	 QPS = 180.3 query/s
------------------------------------------------
nprobe = 900 k = 10000 num_cand = 100000
Recall = 9.78494%	Ratio = 0
Time = 6142.68 us 	 QPS = 162.796 query/s
------------------------------------------------
nprobe = 1100 k = 10000 num_cand = 100000
Recall = 9.81552%	Ratio = 0
Time = 6735.6 us 	 QPS = 148.465 query/s
------------------------------------------------
nprobe = 100 k = 40000 num_cand = 320000
Recall = 6.48664%	Ratio = 0
Time = 8329.48 us 	 QPS = 120.055 query/s
------------------------------------------------
nprobe = 300 k = 40000 num_cand = 320000
Recall = 8.57797%	Ratio = 0
Time = 11003.5 us 	 QPS = 90.8799 query/s
------------------------------------------------
nprobe = 500 k = 40000 num_cand = 320000
Recall = 9.23192%	Ratio = 0
Time = 11976.9 us 	 QPS = 83.4938 query/s
------------------------------------------------
nprobe = 700 k = 40000 num_cand = 320000
Recall = 9.52606%	Ratio = 0
Time = 12575.6 us 	 QPS = 79.519 query/s
------------------------------------------------
nprobe = 900 k = 40000 num_cand = 320000
Recall = 9.67678%	Ratio = 0
Time = 13172.3 us 	 QPS = 75.9167 query/s
------------------------------------------------
nprobe = 1100 k = 40000 num_cand = 320000
Recall = 9.76252%	Ratio = 0
Time = 13695.7 us 	 QPS = 73.0154 query/s
------------------------------------------------
nprobe = 1300 k = 40000 num_cand = 320000
Recall = 9.8107%	Ratio = 0
Time = 14267.7 us 	 QPS = 70.0883 query/s
------------------------------------------------
nprobe = 100 k = 40000 num_cand = 320000
Recall = 64.801%	Ratio = 0
Time = 83087.9 us 	 QPS = 12.0354 query/s
------------------------------------------------
nprobe = 300 k = 40000 num_cand = 320000
Recall = 85.418%	Ratio = 0
Time = 108067 us 	 QPS = 9.25349 query/s
------------------------------------------------
nprobe = 500 k = 40000 num_cand = 320000
Recall = 91.9639%	Ratio = 0
Time = 117609 us 	 QPS = 8.50277 query/s
------------------------------------------------
nprobe = 700 k = 40000 num_cand = 320000
Recall = 94.9494%	Ratio = 0
Time = 124510 us 	 QPS = 8.03148 query/s
------------------------------------------------
nprobe = 900 k = 40000 num_cand = 320000
Recall = 96.5183%	Ratio = 0
Time = 129840 us 	 QPS = 7.70178 query/s
------------------------------------------------
nprobe = 1100 k = 40000 num_cand = 320000
Recall = 97.4148%	Ratio = 0
Time = 135928 us 	 QPS = 7.35681 query/s
------------------------------------------------
nprobe = 1300 k = 40000 num_cand = 320000
Recall = 97.9373%	Ratio = 0
Time = 141396 us 	 QPS = 7.07234 query/s
------------------------------------------------
nprobe = 10 k = 500 num_cand = 15000
Recall = 65.0244%	Ratio = 0
Time = 4969.2 us 	 QPS = 201.24 query/s
------------------------------------------------
nprobe = 40 k = 500 num_cand = 15000
Recall = 85.5386%	Ratio = 0
Time = 6540.94 us 	 QPS = 152.883 query/s
------------------------------------------------
nprobe = 70 k = 500 num_cand = 15000
Recall = 91.1272%	Ratio = 0
Time = 7601.88 us 	 QPS = 131.546 query/s
------------------------------------------------
nprobe = 100 k = 500 num_cand = 15000
Recall = 93.8842%	Ratio = 0
Time = 8638.89 us 	 QPS = 115.756 query/s
------------------------------------------------
nprobe = 130 k = 500 num_cand = 15000
Recall = 95.3664%	Ratio = 0
Time = 9588.16 us 	 QPS = 104.295 query/s
------------------------------------------------
nprobe = 160 k = 500 num_cand = 15000
Recall = 96.3436%	Ratio = 0
Time = 10509.3 us 	 QPS = 95.1537 query/s
------------------------------------------------
nprobe = 190 k = 500 num_cand = 15000
Recall = 97.0002%	Ratio = 0
Time = 11378.3 us 	 QPS = 87.8865 query/s
------------------------------------------------
nprobe = 220 k = 500 num_cand = 15000
Recall = 97.4566%	Ratio = 0
Time = 12253.1 us 	 QPS = 81.6118 query/s
------------------------------------------------
nprobe = 250 k = 500 num_cand = 15000
Recall = 97.8316%	Ratio = 0
Time = 13076.1 us 	 QPS = 76.4754 query/s
------------------------------------------------
nprobe = 280 k = 500 num_cand = 15000
Recall = 98.0914%	Ratio = 0
Time = 13986.2 us 	 QPS = 71.4992 query/s
------------------------------------------------
nprobe = 310 k = 500 num_cand = 15000
Recall = 98.308%	Ratio = 0
Time = 14971.2 us 	 QPS = 66.795 query/s
